Using pre-set license
Built from '2020.2/release' branch; Version is '2020.2.1f1 (270dd8c3da1c) revision 2559448'; Using compiler version '192528614'; Build Type 'Release'
OS: 'Windows 10  (10.0.0) 64bit' Language: 'en' Physical Memory: 8032 MB
BatchMode: 1, IsHumanControllingUs: 0, StartBugReporterOnCrash: 0, Is64bit: 1, IsPro: 0

 COMMAND LINE ARGUMENTS:
C:\Program Files\Unity\Hub\Editor\2020.2.1f1\Editor\Unity.exe
-adb2
-batchMode
-noUpm
-name
AssetImportWorker0
-projectPath
D:/eSpace3D_Sivakrishna/eSpace3D_SivaKrishna
-logFile
Logs/AssetImportWorker0.log
-srvPort
54340
Successfully changed project path to: D:/eSpace3D_Sivakrishna/eSpace3D_SivaKrishna
D:/eSpace3D_Sivakrishna/eSpace3D_SivaKrishna
Using Asset Import Pipeline V2.
Refreshing native plugins compatible for Editor in 198.81 ms, found 1 plugins.
Preloading 0 native plugins for Editor in 0.00 ms.
Initialize engine version: 2020.2.1f1 (270dd8c3da1c)
[Subsystems] Discovering subsystems at path C:/Program Files/Unity/Hub/Editor/2020.2.1f1/Editor/Data/Resources/UnitySubsystems
[Subsystems] Discovering subsystems at path D:/eSpace3D_Sivakrishna/eSpace3D_SivaKrishna/Assets
GfxDevice: creating device client; threaded=0
Direct3D:
    Version:  Direct3D 11.0 [level 11.1]
    Renderer: NVIDIA GeForce GTX 1050 Ti (ID=0x1c8c)
    Vendor:   
    VRAM:     4018 MB
    Driver:   26.21.14.4223
Initialize mono
Mono path[0] = 'C:/Program Files/Unity/Hub/Editor/2020.2.1f1/Editor/Data/Managed'
Mono path[1] = 'C:/Program Files/Unity/Hub/Editor/2020.2.1f1/Editor/Data/MonoBleedingEdge/lib/mono/unityjit'
Mono config path = 'C:/Program Files/Unity/Hub/Editor/2020.2.1f1/Editor/Data/MonoBleedingEdge/etc'
Using monoOptions --debugger-agent=transport=dt_socket,embedding=1,server=y,suspend=n,address=127.0.0.1:56380
Begin MonoManager ReloadAssembly
Registering precompiled unity dll's ...
Register platform support module: C:/Program Files/Unity/Hub/Editor/2020.2.1f1/Editor/Data/PlaybackEngines/WindowsStandaloneSupport/UnityEditor.WindowsStandalone.Extensions.dll
Registered in 0.001653 seconds.
Native extension for WindowsStandalone target not found
Refreshing native plugins compatible for Editor in 38.61 ms, found 1 plugins.
Preloading 0 native plugins for Editor in 0.00 ms.
Invoked RoslynAnalysisRunner static constructor.
RoslynAnalysisRunner will not be running.
RoslynAnalysisRunner has terminated.
Mono: successfully reloaded assembly
- Completed reload, in  2.054 seconds
Platform modules already initialized, skipping
Registering precompiled user dll's ...
Registered in 0.123650 seconds.
Begin MonoManager ReloadAssembly
Native extension for WindowsStandalone target not found
Refreshing native plugins compatible for Editor in 44.06 ms, found 1 plugins.
Preloading 0 native plugins for Editor in 0.00 ms.
Invoked RoslynAnalysisRunner static constructor.
RoslynAnalysisRunner will not be running.
RoslynAnalysisRunner has terminated.
Mono: successfully reloaded assembly
- Completed reload, in  2.320 seconds
Platform modules already initialized, skipping
========================================================================
Worker process is ready to serve import requests
Launched and connected shader compiler UnityShaderCompiler.exe after 0.07 seconds
Refreshing native plugins compatible for Editor in 0.51 ms, found 1 plugins.
Preloading 0 native plugins for Editor in 0.00 ms.
Unloading 2193 Unused Serialized files (Serialized files now loaded: 0)
System memory in use before: 105.4 MB.
System memory in use after: 104.9 MB.

Unloading 37 unused Assets to reduce memory usage. Loaded Objects now: 2643.
Total: 5.481200 ms (FindLiveObjects: 0.358300 ms CreateObjectMapping: 0.202800 ms MarkObjects: 3.504300 ms  DeleteObjects: 1.413400 ms)

========================================================================
Received Import Request.
  path: Assets/RuntimeGizmo
  artifactKey: Guid(e0e400a4cc559204f96d05fca7911980) Importer(815301076,1909f56bfc062723c751e8b465ee728b)
Start importing Assets/RuntimeGizmo using Guid(e0e400a4cc559204f96d05fca7911980) Importer(815301076,1909f56bfc062723c751e8b465ee728b)  -> (artifact id: 'bfd57bedeb02e8db4817693b5a44b6d5') in 0.031641 seconds
  Import took 0.102216 seconds .

========================================================================
Received Import Request.
  Time since last request: 0.000791 seconds.
  path: Assets/Resources
  artifactKey: Guid(af09fb7f8104e8944a690cd6eb20dc39) Importer(815301076,1909f56bfc062723c751e8b465ee728b)
Start importing Assets/Resources using Guid(af09fb7f8104e8944a690cd6eb20dc39) Importer(815301076,1909f56bfc062723c751e8b465ee728b)  -> (artifact id: 'e601332698746bf6b6d29422f7662c9d') in 0.012912 seconds
  Import took 0.058451 seconds .

========================================================================
Received Import Request.
  Time since last request: 0.000357 seconds.
  path: Assets/ReorderableInspector
  artifactKey: Guid(cce08bbaf67947c4ea3a97f9cac012c0) Importer(815301076,1909f56bfc062723c751e8b465ee728b)
Start importing Assets/ReorderableInspector using Guid(cce08bbaf67947c4ea3a97f9cac012c0) Importer(815301076,1909f56bfc062723c751e8b465ee728b)  -> (artifact id: 'f0d88219fad43bdd1cc10acefc20ed31') in 0.007130 seconds
  Import took 0.073430 seconds .

========================================================================
Received Import Request.
  Time since last request: 8.914941 seconds.
  path: Assets/NewFiles/Scripts
  artifactKey: Guid(9607cb6d5ea5ee2428186ed928708c26) Importer(815301076,1909f56bfc062723c751e8b465ee728b)
Start importing Assets/NewFiles/Scripts using Guid(9607cb6d5ea5ee2428186ed928708c26) Importer(815301076,1909f56bfc062723c751e8b465ee728b)  -> (artifact id: 'c4768506335b7e566fef7b850bc9090c') in 0.006903 seconds
  Import took 0.044915 seconds .

========================================================================
Received Import Request.
  Time since last request: 35.853248 seconds.
  path: Assets/NewFiles/Scripts/DebugTexDisplay.cs
  artifactKey: Guid(181cdf5e1fb049f45a756afa8582eb48) Importer(815301076,1909f56bfc062723c751e8b465ee728b)
Start importing Assets/NewFiles/Scripts/DebugTexDisplay.cs using Guid(181cdf5e1fb049f45a756afa8582eb48) Importer(815301076,1909f56bfc062723c751e8b465ee728b)  -> (artifact id: '23e144608354db1f081376c4cee96262') in 0.078974 seconds
  Import took 0.117153 seconds .

========================================================================
Received Import Request.
  Time since last request: 184.475159 seconds.
  path: Assets/NewFiles/Scripts/DebugTexDisplay.cs
  artifactKey: Guid(181cdf5e1fb049f45a756afa8582eb48) Importer(815301076,1909f56bfc062723c751e8b465ee728b)
Start importing Assets/NewFiles/Scripts/DebugTexDisplay.cs using Guid(181cdf5e1fb049f45a756afa8582eb48) Importer(815301076,1909f56bfc062723c751e8b465ee728b)  -> (artifact id: 'a9407d6fa7ca6d267296934b3dea2eef') in 0.002932 seconds
  Import took 0.047857 seconds .

========================================================================
Received Import Request.
  Time since last request: 0.039930 seconds.
  path: Assets/NewFiles/Scripts/DebugTexDisplay.cs
  artifactKey: Guid(181cdf5e1fb049f45a756afa8582eb48) Importer(815301076,1909f56bfc062723c751e8b465ee728b)
Start importing Assets/NewFiles/Scripts/DebugTexDisplay.cs using Guid(181cdf5e1fb049f45a756afa8582eb48) Importer(815301076,1909f56bfc062723c751e8b465ee728b)  -> (artifact id: 'a9407d6fa7ca6d267296934b3dea2eef') in 0.003049 seconds
  Import took 0.007494 seconds .

========================================================================
Received Prepare
Registering precompiled user dll's ...
Registered in 0.027674 seconds.
Begin MonoManager ReloadAssembly
Native extension for WindowsStandalone target not found
Refreshing native plugins compatible for Editor in 0.54 ms, found 1 plugins.
Preloading 0 native plugins for Editor in 0.00 ms.
Invoked RoslynAnalysisRunner static constructor.
RoslynAnalysisRunner will not be running.
RoslynAnalysisRunner has terminated.
Mono: successfully reloaded assembly
- Completed reload, in  0.839 seconds
Platform modules already initialized, skipping
Refreshing native plugins compatible for Editor in 1.26 ms, found 1 plugins.
Preloading 0 native plugins for Editor in 0.00 ms.
Unloading 2109 Unused Serialized files (Serialized files now loaded: 0)
System memory in use before: 100.0 MB.
System memory in use after: 99.6 MB.

Unloading 32 unused Assets to reduce memory usage. Loaded Objects now: 2646.
Total: 2.610600 ms (FindLiveObjects: 0.211800 ms CreateObjectMapping: 0.065400 ms MarkObjects: 1.713800 ms  DeleteObjects: 0.618700 ms)

========================================================================
Received Prepare
Registering precompiled user dll's ...
Registered in 0.003427 seconds.
Begin MonoManager ReloadAssembly
Native extension for WindowsStandalone target not found
Refreshing native plugins compatible for Editor in 0.51 ms, found 1 plugins.
Preloading 0 native plugins for Editor in 0.00 ms.
Invoked RoslynAnalysisRunner static constructor.
RoslynAnalysisRunner will not be running.
RoslynAnalysisRunner has terminated.
Mono: successfully reloaded assembly
- Completed reload, in  0.866 seconds
Platform modules already initialized, skipping
Refreshing native plugins compatible for Editor in 0.51 ms, found 1 plugins.
Preloading 0 native plugins for Editor in 0.00 ms.
Unloading 2109 Unused Serialized files (Serialized files now loaded: 0)
System memory in use before: 100.1 MB.
System memory in use after: 99.6 MB.

Unloading 32 unused Assets to reduce memory usage. Loaded Objects now: 2648.
Total: 2.655700 ms (FindLiveObjects: 0.234200 ms CreateObjectMapping: 0.068400 ms MarkObjects: 1.734400 ms  DeleteObjects: 0.617700 ms)

========================================================================
Received Prepare
Registering precompiled user dll's ...
Registered in 0.004214 seconds.
Begin MonoManager ReloadAssembly
Native extension for WindowsStandalone target not found
Refreshing native plugins compatible for Editor in 0.64 ms, found 1 plugins.
Preloading 0 native plugins for Editor in 0.00 ms.
Invoked RoslynAnalysisRunner static constructor.
RoslynAnalysisRunner will not be running.
RoslynAnalysisRunner has terminated.
Mono: successfully reloaded assembly
- Completed reload, in  1.022 seconds
Platform modules already initialized, skipping
Refreshing native plugins compatible for Editor in 0.54 ms, found 1 plugins.
Preloading 0 native plugins for Editor in 0.00 ms.
Unloading 2109 Unused Serialized files (Serialized files now loaded: 0)
System memory in use before: 100.1 MB.
System memory in use after: 99.6 MB.

Unloading 32 unused Assets to reduce memory usage. Loaded Objects now: 2650.
Total: 2.945500 ms (FindLiveObjects: 0.327300 ms CreateObjectMapping: 0.107200 ms MarkObjects: 1.767900 ms  DeleteObjects: 0.741600 ms)

========================================================================
Received Prepare
Registering precompiled user dll's ...
Registered in 0.004849 seconds.
Begin MonoManager ReloadAssembly
Native extension for WindowsStandalone target not found
Refreshing native plugins compatible for Editor in 0.62 ms, found 1 plugins.
Preloading 0 native plugins for Editor in 0.00 ms.
Invoked RoslynAnalysisRunner static constructor.
RoslynAnalysisRunner will not be running.
RoslynAnalysisRunner has terminated.
Mono: successfully reloaded assembly
- Completed reload, in  0.808 seconds
Platform modules already initialized, skipping
Refreshing native plugins compatible for Editor in 0.51 ms, found 1 plugins.
Preloading 0 native plugins for Editor in 0.00 ms.
Unloading 2109 Unused Serialized files (Serialized files now loaded: 0)
System memory in use before: 100.1 MB.
System memory in use after: 99.7 MB.

Unloading 32 unused Assets to reduce memory usage. Loaded Objects now: 2652.
Total: 3.004600 ms (FindLiveObjects: 0.312400 ms CreateObjectMapping: 0.069800 ms MarkObjects: 1.942100 ms  DeleteObjects: 0.679400 ms)

========================================================================
Received Prepare
Registering precompiled user dll's ...
Registered in 0.003669 seconds.
Begin MonoManager ReloadAssembly
Native extension for WindowsStandalone target not found
Refreshing native plugins compatible for Editor in 0.55 ms, found 1 plugins.
Preloading 0 native plugins for Editor in 0.00 ms.
Invoked RoslynAnalysisRunner static constructor.
RoslynAnalysisRunner will not be running.
RoslynAnalysisRunner has terminated.
Mono: successfully reloaded assembly
- Completed reload, in  0.944 seconds
Platform modules already initialized, skipping
Refreshing native plugins compatible for Editor in 0.55 ms, found 1 plugins.
Preloading 0 native plugins for Editor in 0.00 ms.
Unloading 2109 Unused Serialized files (Serialized files now loaded: 0)
System memory in use before: 100.0 MB.
System memory in use after: 99.6 MB.

Unloading 32 unused Assets to reduce memory usage. Loaded Objects now: 2654.
Total: 2.820100 ms (FindLiveObjects: 0.246800 ms CreateObjectMapping: 0.107600 ms MarkObjects: 1.791100 ms  DeleteObjects: 0.673500 ms)

========================================================================
Received Prepare
Registering precompiled user dll's ...
Registered in 0.003752 seconds.
Begin MonoManager ReloadAssembly
Native extension for WindowsStandalone target not found
Refreshing native plugins compatible for Editor in 0.86 ms, found 1 plugins.
Preloading 0 native plugins for Editor in 0.00 ms.
Invoked RoslynAnalysisRunner static constructor.
RoslynAnalysisRunner will not be running.
RoslynAnalysisRunner has terminated.
Mono: successfully reloaded assembly
- Completed reload, in  1.007 seconds
Platform modules already initialized, skipping
Refreshing native plugins compatible for Editor in 0.86 ms, found 1 plugins.
Preloading 0 native plugins for Editor in 0.00 ms.
Unloading 2109 Unused Serialized files (Serialized files now loaded: 0)
System memory in use before: 100.2 MB.
System memory in use after: 99.7 MB.

Unloading 32 unused Assets to reduce memory usage. Loaded Objects now: 2656.
Total: 2.711000 ms (FindLiveObjects: 0.241700 ms CreateObjectMapping: 0.075300 ms MarkObjects: 1.631900 ms  DeleteObjects: 0.761100 ms)

========================================================================
Received Prepare
Registering precompiled user dll's ...
Registered in 0.003594 seconds.
Begin MonoManager ReloadAssembly
Native extension for WindowsStandalone target not found
Refreshing native plugins compatible for Editor in 0.55 ms, found 1 plugins.
Preloading 0 native plugins for Editor in 0.00 ms.
Invoked RoslynAnalysisRunner static constructor.
RoslynAnalysisRunner will not be running.
RoslynAnalysisRunner has terminated.
Mono: successfully reloaded assembly
- Completed reload, in  0.843 seconds
Platform modules already initialized, skipping
Refreshing native plugins compatible for Editor in 0.58 ms, found 1 plugins.
Preloading 0 native plugins for Editor in 0.00 ms.
Unloading 2109 Unused Serialized files (Serialized files now loaded: 0)
System memory in use before: 100.1 MB.
System memory in use after: 99.7 MB.

Unloading 32 unused Assets to reduce memory usage. Loaded Objects now: 2658.
Total: 3.459800 ms (FindLiveObjects: 0.297200 ms CreateObjectMapping: 0.146400 ms MarkObjects: 2.271000 ms  DeleteObjects: 0.743800 ms)

========================================================================
Received Prepare
Registering precompiled user dll's ...
Registered in 0.004765 seconds.
Begin MonoManager ReloadAssembly
Native extension for WindowsStandalone target not found
Refreshing native plugins compatible for Editor in 0.51 ms, found 1 plugins.
Preloading 0 native plugins for Editor in 0.00 ms.
Invoked RoslynAnalysisRunner static constructor.
RoslynAnalysisRunner will not be running.
RoslynAnalysisRunner has terminated.
Mono: successfully reloaded assembly
- Completed reload, in  0.815 seconds
Platform modules already initialized, skipping
Refreshing native plugins compatible for Editor in 0.56 ms, found 1 plugins.
Preloading 0 native plugins for Editor in 0.00 ms.
Unloading 2109 Unused Serialized files (Serialized files now loaded: 0)
System memory in use before: 100.1 MB.
System memory in use after: 99.7 MB.

Unloading 32 unused Assets to reduce memory usage. Loaded Objects now: 2660.
Total: 2.611800 ms (FindLiveObjects: 0.246700 ms CreateObjectMapping: 0.089800 ms MarkObjects: 1.636400 ms  DeleteObjects: 0.638000 ms)

========================================================================
Received Prepare
Registering precompiled user dll's ...
Registered in 0.003456 seconds.
Begin MonoManager ReloadAssembly
Native extension for WindowsStandalone target not found
Refreshing native plugins compatible for Editor in 0.55 ms, found 1 plugins.
Preloading 0 native plugins for Editor in 0.00 ms.
Invoked RoslynAnalysisRunner static constructor.
RoslynAnalysisRunner will not be running.
RoslynAnalysisRunner has terminated.
Mono: successfully reloaded assembly
- Completed reload, in  0.779 seconds
Platform modules already initialized, skipping
Refreshing native plugins compatible for Editor in 0.51 ms, found 1 plugins.
Preloading 0 native plugins for Editor in 0.00 ms.
Unloading 2109 Unused Serialized files (Serialized files now loaded: 0)
System memory in use before: 100.1 MB.
System memory in use after: 99.7 MB.

Unloading 32 unused Assets to reduce memory usage. Loaded Objects now: 2662.
Total: 3.017300 ms (FindLiveObjects: 0.277300 ms CreateObjectMapping: 0.140300 ms MarkObjects: 1.890700 ms  DeleteObjects: 0.707700 ms)

========================================================================
Received Prepare
Registering precompiled user dll's ...
Registered in 0.004414 seconds.
Begin MonoManager ReloadAssembly
Native extension for WindowsStandalone target not found
Refreshing native plugins compatible for Editor in 0.51 ms, found 1 plugins.
Preloading 0 native plugins for Editor in 0.00 ms.
Invoked RoslynAnalysisRunner static constructor.
RoslynAnalysisRunner will not be running.
RoslynAnalysisRunner has terminated.
Mono: successfully reloaded assembly
- Completed reload, in  0.812 seconds
Platform modules already initialized, skipping
Refreshing native plugins compatible for Editor in 0.52 ms, found 1 plugins.
Preloading 0 native plugins for Editor in 0.00 ms.
Unloading 2109 Unused Serialized files (Serialized files now loaded: 0)
System memory in use before: 100.1 MB.
System memory in use after: 99.6 MB.

Unloading 32 unused Assets to reduce memory usage. Loaded Objects now: 2664.
Total: 2.681700 ms (FindLiveObjects: 0.224900 ms CreateObjectMapping: 0.090400 ms MarkObjects: 1.730500 ms  DeleteObjects: 0.634700 ms)

========================================================================
Received Prepare
Registering precompiled user dll's ...
Registered in 0.003482 seconds.
Begin MonoManager ReloadAssembly
Native extension for WindowsStandalone target not found
Refreshing native plugins compatible for Editor in 0.55 ms, found 1 plugins.
Preloading 0 native plugins for Editor in 0.00 ms.
Invoked RoslynAnalysisRunner static constructor.
RoslynAnalysisRunner will not be running.
RoslynAnalysisRunner has terminated.
Mono: successfully reloaded assembly
- Completed reload, in  0.870 seconds
Platform modules already initialized, skipping
Refreshing native plugins compatible for Editor in 0.53 ms, found 1 plugins.
Preloading 0 native plugins for Editor in 0.00 ms.
Unloading 2109 Unused Serialized files (Serialized files now loaded: 0)
System memory in use before: 100.1 MB.
System memory in use after: 99.7 MB.

Unloading 32 unused Assets to reduce memory usage. Loaded Objects now: 2666.
Total: 7.319900 ms (FindLiveObjects: 0.328900 ms CreateObjectMapping: 0.198000 ms MarkObjects: 5.138700 ms  DeleteObjects: 1.651400 ms)

========================================================================
Received Prepare
Registering precompiled user dll's ...
Registered in 0.003518 seconds.
Begin MonoManager ReloadAssembly
Native extension for WindowsStandalone target not found
Refreshing native plugins compatible for Editor in 0.55 ms, found 1 plugins.
Preloading 0 native plugins for Editor in 0.00 ms.
Invoked RoslynAnalysisRunner static constructor.
RoslynAnalysisRunner will not be running.
RoslynAnalysisRunner has terminated.
Mono: successfully reloaded assembly
- Completed reload, in  1.046 seconds
Platform modules already initialized, skipping
Refreshing native plugins compatible for Editor in 0.51 ms, found 1 plugins.
Preloading 0 native plugins for Editor in 0.00 ms.
Unloading 2109 Unused Serialized files (Serialized files now loaded: 0)
System memory in use before: 100.2 MB.
System memory in use after: 99.7 MB.

Unloading 32 unused Assets to reduce memory usage. Loaded Objects now: 2668.
Total: 2.871100 ms (FindLiveObjects: 0.231200 ms CreateObjectMapping: 0.096600 ms MarkObjects: 1.815500 ms  DeleteObjects: 0.726900 ms)

========================================================================
Received Prepare
Registering precompiled user dll's ...
Registered in 0.004195 seconds.
Begin MonoManager ReloadAssembly
Native extension for WindowsStandalone target not found
Refreshing native plugins compatible for Editor in 0.59 ms, found 1 plugins.
Preloading 0 native plugins for Editor in 0.00 ms.
Invoked RoslynAnalysisRunner static constructor.
RoslynAnalysisRunner will not be running.
RoslynAnalysisRunner has terminated.
Mono: successfully reloaded assembly
- Completed reload, in  0.897 seconds
Platform modules already initialized, skipping
Refreshing native plugins compatible for Editor in 0.76 ms, found 1 plugins.
Preloading 0 native plugins for Editor in 0.00 ms.
Unloading 2109 Unused Serialized files (Serialized files now loaded: 0)
System memory in use before: 100.2 MB.
System memory in use after: 99.7 MB.

Unloading 32 unused Assets to reduce memory usage. Loaded Objects now: 2670.
Total: 3.423900 ms (FindLiveObjects: 0.329700 ms CreateObjectMapping: 0.158100 ms MarkObjects: 2.268600 ms  DeleteObjects: 0.666000 ms)

========================================================================
Received Prepare
Registering precompiled user dll's ...
Registered in 0.004733 seconds.
Begin MonoManager ReloadAssembly
Native extension for WindowsStandalone target not found
Refreshing native plugins compatible for Editor in 0.51 ms, found 1 plugins.
Preloading 0 native plugins for Editor in 0.00 ms.
Invoked RoslynAnalysisRunner static constructor.
RoslynAnalysisRunner will not be running.
RoslynAnalysisRunner has terminated.
Mono: successfully reloaded assembly
- Completed reload, in  0.840 seconds
Platform modules already initialized, skipping
Refreshing native plugins compatible for Editor in 0.51 ms, found 1 plugins.
Preloading 0 native plugins for Editor in 0.00 ms.
Unloading 2109 Unused Serialized files (Serialized files now loaded: 0)
System memory in use before: 100.2 MB.
System memory in use after: 99.7 MB.

Unloading 32 unused Assets to reduce memory usage. Loaded Objects now: 2672.
Total: 5.659800 ms (FindLiveObjects: 0.318100 ms CreateObjectMapping: 0.156900 ms MarkObjects: 3.762200 ms  DeleteObjects: 1.420900 ms)

========================================================================
Received Prepare
Registering precompiled user dll's ...
Registered in 0.003427 seconds.
Begin MonoManager ReloadAssembly
Native extension for WindowsStandalone target not found
Refreshing native plugins compatible for Editor in 0.53 ms, found 1 plugins.
Preloading 0 native plugins for Editor in 0.00 ms.
Invoked RoslynAnalysisRunner static constructor.
RoslynAnalysisRunner will not be running.
RoslynAnalysisRunner has terminated.
Mono: successfully reloaded assembly
- Completed reload, in  0.965 seconds
Platform modules already initialized, skipping
Refreshing native plugins compatible for Editor in 0.51 ms, found 1 plugins.
Preloading 0 native plugins for Editor in 0.00 ms.
Unloading 2109 Unused Serialized files (Serialized files now loaded: 0)
System memory in use before: 100.1 MB.
System memory in use after: 99.6 MB.

Unloading 32 unused Assets to reduce memory usage. Loaded Objects now: 2674.
Total: 4.003900 ms (FindLiveObjects: 0.274100 ms CreateObjectMapping: 0.131200 ms MarkObjects: 2.268600 ms  DeleteObjects: 1.328700 ms)

========================================================================
Received Prepare
Registering precompiled user dll's ...
Registered in 0.003615 seconds.
Begin MonoManager ReloadAssembly
Native extension for WindowsStandalone target not found
Refreshing native plugins compatible for Editor in 0.55 ms, found 1 plugins.
Preloading 0 native plugins for Editor in 0.00 ms.
Invoked RoslynAnalysisRunner static constructor.
RoslynAnalysisRunner will not be running.
RoslynAnalysisRunner has terminated.
Mono: successfully reloaded assembly
- Completed reload, in  0.964 seconds
Platform modules already initialized, skipping
Refreshing native plugins compatible for Editor in 0.51 ms, found 1 plugins.
Preloading 0 native plugins for Editor in 0.00 ms.
Unloading 2109 Unused Serialized files (Serialized files now loaded: 0)
System memory in use before: 100.2 MB.
System memory in use after: 99.7 MB.

Unloading 32 unused Assets to reduce memory usage. Loaded Objects now: 2676.
Total: 4.897400 ms (FindLiveObjects: 0.311400 ms CreateObjectMapping: 0.141100 ms MarkObjects: 3.140200 ms  DeleteObjects: 1.302900 ms)

========================================================================
Received Import Request.
  Time since last request: 1711.833028 seconds.
  path: Assets/Textures/Icons_V3/248x/ViewPoints.jpg
  artifactKey: Guid(2e11f2a57ff551f41aaad45640979dc7) Importer(815301076,1909f56bfc062723c751e8b465ee728b)
Start importing Assets/Textures/Icons_V3/248x/ViewPoints.jpg using Guid(2e11f2a57ff551f41aaad45640979dc7) Importer(815301076,1909f56bfc062723c751e8b465ee728b)  -> (artifact id: '79ffa104027e659bc2502464fe7831a5') in 0.633642 seconds
  Import took 0.671681 seconds .

========================================================================
Received Import Request.
  Time since last request: 0.000996 seconds.
  path: Assets/GILES/Resources/Image/White Background.png
  artifactKey: Guid(5e07caffbca1941ddbdaf92e6e46b668) Importer(815301076,1909f56bfc062723c751e8b465ee728b)
Start importing Assets/GILES/Resources/Image/White Background.png using Guid(5e07caffbca1941ddbdaf92e6e46b668) Importer(815301076,1909f56bfc062723c751e8b465ee728b)  -> (artifact id: '2d9c126c423ac96234aa0bff0c08b805') in 0.105368 seconds
  Import took 0.160132 seconds .

========================================================================
Received Import Request.
  Time since last request: 0.000533 seconds.
  path: Assets/Textures/Icons_V3/248x/Zoom.jpg
  artifactKey: Guid(b41a33c724297cc4895b6d07590834a1) Importer(815301076,1909f56bfc062723c751e8b465ee728b)
Start importing Assets/Textures/Icons_V3/248x/Zoom.jpg using Guid(b41a33c724297cc4895b6d07590834a1) Importer(815301076,1909f56bfc062723c751e8b465ee728b)  -> (artifact id: '08614127f31b1f4c7d8debada21d7414') in 0.087157 seconds
  Import took 0.120940 seconds .

========================================================================
Received Prepare
Registering precompiled user dll's ...
Registered in 0.004711 seconds.
Begin MonoManager ReloadAssembly
Native extension for WindowsStandalone target not found
Refreshing native plugins compatible for Editor in 0.53 ms, found 1 plugins.
Preloading 0 native plugins for Editor in 0.00 ms.
Invoked RoslynAnalysisRunner static constructor.
RoslynAnalysisRunner will not be running.
RoslynAnalysisRunner has terminated.
Mono: successfully reloaded assembly
- Completed reload, in  1.179 seconds
Platform modules already initialized, skipping
Refreshing native plugins compatible for Editor in 0.52 ms, found 1 plugins.
Preloading 0 native plugins for Editor in 0.00 ms.
Unloading 2109 Unused Serialized files (Serialized files now loaded: 0)
System memory in use before: 103.2 MB.
System memory in use after: 102.7 MB.

Unloading 32 unused Assets to reduce memory usage. Loaded Objects now: 2686.
Total: 4.097000 ms (FindLiveObjects: 0.326700 ms CreateObjectMapping: 0.160500 ms MarkObjects: 2.606900 ms  DeleteObjects: 1.001500 ms)

========================================================================
Received Prepare
Registering precompiled user dll's ...
Registered in 0.004880 seconds.
Begin MonoManager ReloadAssembly
Native extension for WindowsStandalone target not found
Refreshing native plugins compatible for Editor in 0.51 ms, found 1 plugins.
Preloading 0 native plugins for Editor in 0.00 ms.
Invoked RoslynAnalysisRunner static constructor.
RoslynAnalysisRunner will not be running.
RoslynAnalysisRunner has terminated.
Mono: successfully reloaded assembly
- Completed reload, in  0.862 seconds
Platform modules already initialized, skipping
Refreshing native plugins compatible for Editor in 0.51 ms, found 1 plugins.
Preloading 0 native plugins for Editor in 0.00 ms.
Unloading 2109 Unused Serialized files (Serialized files now loaded: 0)
System memory in use before: 103.2 MB.
System memory in use after: 102.7 MB.

Unloading 32 unused Assets to reduce memory usage. Loaded Objects now: 2688.
Total: 2.975200 ms (FindLiveObjects: 0.250200 ms CreateObjectMapping: 0.078200 ms MarkObjects: 1.999200 ms  DeleteObjects: 0.646800 ms)

