Using pre-set license
Built from '2020.2/release' branch; Version is '2020.2.1f1 (270dd8c3da1c) revision 2559448'; Using compiler version '192528614'; Build Type 'Release'
OS: 'Windows 10  (10.0.0) 64bit' Language: 'en' Physical Memory: 8032 MB
BatchMode: 1, IsHumanControllingUs: 0, StartBugReporterOnCrash: 0, Is64bit: 1, IsPro: 0

 COMMAND LINE ARGUMENTS:
C:\Program Files\Unity\Hub\Editor\2020.2.1f1\Editor\Unity.exe
-adb2
-batchMode
-noUpm
-name
AssetImportWorker1
-projectPath
D:/Repositories/eSpace3D/eSpace3D_SivaKrishna
-logFile
Logs/AssetImportWorker1.log
-srvPort
49551
Successfully changed project path to: D:/Repositories/eSpace3D/eSpace3D_SivaKrishna
D:/Repositories/eSpace3D/eSpace3D_SivaKrishna
Using Asset Import Pipeline V2.
Refreshing native plugins compatible for Editor in 106.85 ms, found 1 plugins.
Preloading 0 native plugins for Editor in 0.00 ms.
Initialize engine version: 2020.2.1f1 (270dd8c3da1c)
[Subsystems] Discovering subsystems at path C:/Program Files/Unity/Hub/Editor/2020.2.1f1/Editor/Data/Resources/UnitySubsystems
[Subsystems] Discovering subsystems at path D:/Repositories/eSpace3D/eSpace3D_SivaKrishna/Assets
GfxDevice: creating device client; threaded=0
Direct3D:
    Version:  Direct3D 11.0 [level 11.1]
    Renderer: NVIDIA GeForce GTX 1050 Ti (ID=0x1c8c)
    Vendor:   
    VRAM:     4018 MB
    Driver:   26.21.14.4223
Initialize mono
Mono path[0] = 'C:/Program Files/Unity/Hub/Editor/2020.2.1f1/Editor/Data/Managed'
Mono path[1] = 'C:/Program Files/Unity/Hub/Editor/2020.2.1f1/Editor/Data/MonoBleedingEdge/lib/mono/unityjit'
Mono config path = 'C:/Program Files/Unity/Hub/Editor/2020.2.1f1/Editor/Data/MonoBleedingEdge/etc'
Using monoOptions --debugger-agent=transport=dt_socket,embedding=1,server=y,suspend=n,address=127.0.0.1:56252
Begin MonoManager ReloadAssembly
Registering precompiled unity dll's ...
Register platform support module: C:/Program Files/Unity/Hub/Editor/2020.2.1f1/Editor/Data/PlaybackEngines/WindowsStandaloneSupport/UnityEditor.WindowsStandalone.Extensions.dll
Registered in 0.005979 seconds.
Native extension for WindowsStandalone target not found
Refreshing native plugins compatible for Editor in 100.47 ms, found 1 plugins.
Preloading 0 native plugins for Editor in 0.00 ms.
Invoked RoslynAnalysisRunner static constructor.
RoslynAnalysisRunner will not be running.
RoslynAnalysisRunner has terminated.
Mono: successfully reloaded assembly
- Completed reload, in  5.523 seconds
Platform modules already initialized, skipping
Registering precompiled user dll's ...
Registered in 0.011875 seconds.
Begin MonoManager ReloadAssembly
Native extension for WindowsStandalone target not found
Refreshing native plugins compatible for Editor in 156.35 ms, found 1 plugins.
Preloading 0 native plugins for Editor in 0.00 ms.
Invoked RoslynAnalysisRunner static constructor.
RoslynAnalysisRunner will not be running.
RoslynAnalysisRunner has terminated.
Mono: successfully reloaded assembly
- Completed reload, in  6.305 seconds
Platform modules already initialized, skipping
========================================================================
Worker process is ready to serve import requests
Launched and connected shader compiler UnityShaderCompiler.exe after 0.20 seconds
Refreshing native plugins compatible for Editor in 0.83 ms, found 1 plugins.
Preloading 0 native plugins for Editor in 0.00 ms.
Unloading 2194 Unused Serialized files (Serialized files now loaded: 0)
System memory in use before: 105.6 MB.
System memory in use after: 105.1 MB.

Unloading 37 unused Assets to reduce memory usage. Loaded Objects now: 2644.
Total: 3.884700 ms (FindLiveObjects: 0.399300 ms CreateObjectMapping: 0.185200 ms MarkObjects: 2.273100 ms  DeleteObjects: 1.025300 ms)

========================================================================
Received Import Request.
  path: Assets/NewFiles/Scripts/DebugDisplay.cs
  artifactKey: Guid(181cdf5e1fb049f45a756afa8582eb48) Importer(815301076,1909f56bfc062723c751e8b465ee728b)
Start importing Assets/NewFiles/Scripts/DebugDisplay.cs using Guid(181cdf5e1fb049f45a756afa8582eb48) Importer(815301076,1909f56bfc062723c751e8b465ee728b)  -> (artifact id: '82c28949c39f7e20f5a0c97fbe0555a0') in 0.079642 seconds
  Import took 0.085600 seconds .

========================================================================
Received Prepare
Registering precompiled user dll's ...
Registered in 0.005704 seconds.
Begin MonoManager ReloadAssembly
Native extension for WindowsStandalone target not found
Refreshing native plugins compatible for Editor in 0.90 ms, found 1 plugins.
Preloading 0 native plugins for Editor in 0.00 ms.
Invoked RoslynAnalysisRunner static constructor.
RoslynAnalysisRunner will not be running.
RoslynAnalysisRunner has terminated.
Mono: successfully reloaded assembly
- Completed reload, in  2.037 seconds
Platform modules already initialized, skipping
Refreshing native plugins compatible for Editor in 1.15 ms, found 1 plugins.
Preloading 0 native plugins for Editor in 0.00 ms.
Unloading 2109 Unused Serialized files (Serialized files now loaded: 0)
System memory in use before: 100.3 MB.
System memory in use after: 99.8 MB.

Unloading 32 unused Assets to reduce memory usage. Loaded Objects now: 2646.
Total: 6.597900 ms (FindLiveObjects: 0.473400 ms CreateObjectMapping: 0.297700 ms MarkObjects: 4.806900 ms  DeleteObjects: 1.017900 ms)

========================================================================
Received Prepare
Registering precompiled user dll's ...
Registered in 0.006497 seconds.
Begin MonoManager ReloadAssembly
Native extension for WindowsStandalone target not found
Refreshing native plugins compatible for Editor in 1.16 ms, found 1 plugins.
Preloading 0 native plugins for Editor in 0.00 ms.
Invoked RoslynAnalysisRunner static constructor.
RoslynAnalysisRunner will not be running.
RoslynAnalysisRunner has terminated.
Mono: successfully reloaded assembly
- Completed reload, in  2.191 seconds
Platform modules already initialized, skipping
Refreshing native plugins compatible for Editor in 1.14 ms, found 1 plugins.
Preloading 0 native plugins for Editor in 0.00 ms.
Unloading 2109 Unused Serialized files (Serialized files now loaded: 0)
System memory in use before: 100.3 MB.
System memory in use after: 99.9 MB.

Unloading 32 unused Assets to reduce memory usage. Loaded Objects now: 2648.
Total: 6.022100 ms (FindLiveObjects: 0.316800 ms CreateObjectMapping: 0.151400 ms MarkObjects: 3.556300 ms  DeleteObjects: 1.995400 ms)

========================================================================
Received Import Request.
  Time since last request: 253.256153 seconds.
  path: Assets/NewFiles/Scripts/DebugDisplay.cs
  artifactKey: Guid(181cdf5e1fb049f45a756afa8582eb48) Importer(815301076,1909f56bfc062723c751e8b465ee728b)
Start importing Assets/NewFiles/Scripts/DebugDisplay.cs using Guid(181cdf5e1fb049f45a756afa8582eb48) Importer(815301076,1909f56bfc062723c751e8b465ee728b)  -> (artifact id: 'd3a71fc298b7832cc6a83df1f83034a6') in 0.014290 seconds
  Import took 0.059894 seconds .

========================================================================
Received Prepare
Registering precompiled user dll's ...
Registered in 0.007059 seconds.
Begin MonoManager ReloadAssembly
Native extension for WindowsStandalone target not found
Refreshing native plugins compatible for Editor in 0.79 ms, found 1 plugins.
Preloading 0 native plugins for Editor in 0.00 ms.
Invoked RoslynAnalysisRunner static constructor.
RoslynAnalysisRunner will not be running.
RoslynAnalysisRunner has terminated.
Mono: successfully reloaded assembly
- Completed reload, in  2.051 seconds
Platform modules already initialized, skipping
Refreshing native plugins compatible for Editor in 1.02 ms, found 1 plugins.
Preloading 0 native plugins for Editor in 0.00 ms.
Unloading 2109 Unused Serialized files (Serialized files now loaded: 0)
System memory in use before: 100.4 MB.
System memory in use after: 99.9 MB.

Unloading 32 unused Assets to reduce memory usage. Loaded Objects now: 2650.
Total: 4.152500 ms (FindLiveObjects: 0.250200 ms CreateObjectMapping: 0.117400 ms MarkObjects: 2.676600 ms  DeleteObjects: 1.106900 ms)

========================================================================
Received Import Request.
  Time since last request: 249.911414 seconds.
  path: Assets/NewFiles/Scripts/DebugDisplay.cs
  artifactKey: Guid(181cdf5e1fb049f45a756afa8582eb48) Importer(815301076,1909f56bfc062723c751e8b465ee728b)
Start importing Assets/NewFiles/Scripts/DebugDisplay.cs using Guid(181cdf5e1fb049f45a756afa8582eb48) Importer(815301076,1909f56bfc062723c751e8b465ee728b)  -> (artifact id: 'a3d799fd6fef9e905741b3afa045d43c') in 0.010500 seconds
  Import took 0.038925 seconds .

========================================================================
Received Import Request.
  Time since last request: 1.629457 seconds.
  path: Assets/NewFiles/Assets/Plugins/IngameDebugConsole/Prefabs/DebugLogItem.prefab
  artifactKey: Guid(391be5df5ef62f345bb76a1051c04da7) Importer(815301076,1909f56bfc062723c751e8b465ee728b)
Start importing Assets/NewFiles/Assets/Plugins/IngameDebugConsole/Prefabs/DebugLogItem.prefab using Guid(391be5df5ef62f345bb76a1051c04da7) Importer(815301076,1909f56bfc062723c751e8b465ee728b)  -> (artifact id: 'faca0ca31c030c18a995c1538136232c') in 0.175141 seconds
  Import took 0.181908 seconds .

========================================================================
Received Import Request.
  Time since last request: 4.409548 seconds.
  path: Assets/NewFiles/Assets/Plugins/IngameDebugConsole/Scripts/DebugLogItem.cs
  artifactKey: Guid(d2ea291be9de70a4abfec595203c96c1) Importer(815301076,1909f56bfc062723c751e8b465ee728b)
Start importing Assets/NewFiles/Assets/Plugins/IngameDebugConsole/Scripts/DebugLogItem.cs using Guid(d2ea291be9de70a4abfec595203c96c1) Importer(815301076,1909f56bfc062723c751e8b465ee728b)  -> (artifact id: '3061cfe642ee0bc0a7532f1796068362') in 0.004758 seconds
  Import took 0.028571 seconds .

========================================================================
Received Import Request.
  Time since last request: 0.030766 seconds.
  path: Assets/NewFiles/Assets/Plugins/IngameDebugConsole/Scripts/DebugLogItem.cs
  artifactKey: Guid(d2ea291be9de70a4abfec595203c96c1) Importer(815301076,1909f56bfc062723c751e8b465ee728b)
Start importing Assets/NewFiles/Assets/Plugins/IngameDebugConsole/Scripts/DebugLogItem.cs using Guid(d2ea291be9de70a4abfec595203c96c1) Importer(815301076,1909f56bfc062723c751e8b465ee728b)  -> (artifact id: '3061cfe642ee0bc0a7532f1796068362') in 0.030786 seconds
  Import took 0.038790 seconds .

========================================================================
Received Prepare
Registering precompiled user dll's ...
Registered in 0.007333 seconds.
Begin MonoManager ReloadAssembly
Native extension for WindowsStandalone target not found
Refreshing native plugins compatible for Editor in 0.76 ms, found 1 plugins.
Preloading 0 native plugins for Editor in 0.00 ms.
Invoked RoslynAnalysisRunner static constructor.
RoslynAnalysisRunner will not be running.
RoslynAnalysisRunner has terminated.
Mono: successfully reloaded assembly
- Completed reload, in  2.146 seconds
Platform modules already initialized, skipping
Refreshing native plugins compatible for Editor in 1.10 ms, found 1 plugins.
Preloading 0 native plugins for Editor in 0.00 ms.
Unloading 2109 Unused Serialized files (Serialized files now loaded: 0)
System memory in use before: 100.4 MB.
System memory in use after: 100.0 MB.

Unloading 32 unused Assets to reduce memory usage. Loaded Objects now: 2654.
Total: 6.790100 ms (FindLiveObjects: 0.457400 ms CreateObjectMapping: 0.197000 ms MarkObjects: 4.230900 ms  DeleteObjects: 1.902400 ms)

========================================================================
Received Import Request.
  Time since last request: 201.397729 seconds.
  path: Assets/NewFiles/Assets/Plugins/IngameDebugConsole/Scripts/DebugDisplay.cs
  artifactKey: Guid(181cdf5e1fb049f45a756afa8582eb48) Importer(815301076,1909f56bfc062723c751e8b465ee728b)
Start importing Assets/NewFiles/Assets/Plugins/IngameDebugConsole/Scripts/DebugDisplay.cs using Guid(181cdf5e1fb049f45a756afa8582eb48) Importer(815301076,1909f56bfc062723c751e8b465ee728b)  -> (artifact id: '598b9bc7c9da7ce3e920941a1fe4ff5f') in 0.011089 seconds
  Import took 0.040470 seconds .

========================================================================
Received Prepare
Registering precompiled user dll's ...
Registered in 0.009265 seconds.
Begin MonoManager ReloadAssembly
Native extension for WindowsStandalone target not found
Refreshing native plugins compatible for Editor in 0.97 ms, found 1 plugins.
Preloading 0 native plugins for Editor in 0.00 ms.
Invoked RoslynAnalysisRunner static constructor.
RoslynAnalysisRunner will not be running.
RoslynAnalysisRunner has terminated.
Mono: successfully reloaded assembly
- Completed reload, in  2.430 seconds
Platform modules already initialized, skipping
Refreshing native plugins compatible for Editor in 1.89 ms, found 1 plugins.
Preloading 0 native plugins for Editor in 0.00 ms.
Unloading 2109 Unused Serialized files (Serialized files now loaded: 0)
System memory in use before: 100.4 MB.
System memory in use after: 99.9 MB.

Unloading 32 unused Assets to reduce memory usage. Loaded Objects now: 2656.
Total: 4.944700 ms (FindLiveObjects: 0.374300 ms CreateObjectMapping: 0.180200 ms MarkObjects: 3.075800 ms  DeleteObjects: 1.312700 ms)

========================================================================
Received Prepare
Registering precompiled user dll's ...
Registered in 0.006912 seconds.
Begin MonoManager ReloadAssembly
Native extension for WindowsStandalone target not found
Refreshing native plugins compatible for Editor in 1.20 ms, found 1 plugins.
Preloading 0 native plugins for Editor in 0.00 ms.
Invoked RoslynAnalysisRunner static constructor.
RoslynAnalysisRunner will not be running.
RoslynAnalysisRunner has terminated.
Mono: successfully reloaded assembly
- Completed reload, in  1.999 seconds
Platform modules already initialized, skipping
Refreshing native plugins compatible for Editor in 1.24 ms, found 1 plugins.
Preloading 0 native plugins for Editor in 0.00 ms.
Unloading 2109 Unused Serialized files (Serialized files now loaded: 0)
System memory in use before: 100.4 MB.
System memory in use after: 100.0 MB.

Unloading 32 unused Assets to reduce memory usage. Loaded Objects now: 2658.
Total: 5.846200 ms (FindLiveObjects: 0.359900 ms CreateObjectMapping: 0.176000 ms MarkObjects: 3.578300 ms  DeleteObjects: 1.729600 ms)

========================================================================
Received Prepare
Registering precompiled user dll's ...
Registered in 0.006862 seconds.
Begin MonoManager ReloadAssembly
Native extension for WindowsStandalone target not found
Refreshing native plugins compatible for Editor in 0.95 ms, found 1 plugins.
Preloading 0 native plugins for Editor in 0.00 ms.
Invoked RoslynAnalysisRunner static constructor.
RoslynAnalysisRunner will not be running.
RoslynAnalysisRunner has terminated.
Mono: successfully reloaded assembly
- Completed reload, in  2.231 seconds
Platform modules already initialized, skipping
Refreshing native plugins compatible for Editor in 1.36 ms, found 1 plugins.
Preloading 0 native plugins for Editor in 0.00 ms.
Unloading 2109 Unused Serialized files (Serialized files now loaded: 0)
System memory in use before: 100.5 MB.
System memory in use after: 100.0 MB.

Unloading 32 unused Assets to reduce memory usage. Loaded Objects now: 2660.
Total: 4.901600 ms (FindLiveObjects: 0.396400 ms CreateObjectMapping: 0.215900 ms MarkObjects: 3.005900 ms  DeleteObjects: 1.281100 ms)

========================================================================
Received Prepare
Registering precompiled user dll's ...
Registered in 0.009362 seconds.
Begin MonoManager ReloadAssembly
Native extension for WindowsStandalone target not found
Refreshing native plugins compatible for Editor in 0.93 ms, found 1 plugins.
Preloading 0 native plugins for Editor in 0.00 ms.
Invoked RoslynAnalysisRunner static constructor.
RoslynAnalysisRunner will not be running.
RoslynAnalysisRunner has terminated.
Mono: successfully reloaded assembly
- Completed reload, in  2.156 seconds
Platform modules already initialized, skipping
Refreshing native plugins compatible for Editor in 0.96 ms, found 1 plugins.
Preloading 0 native plugins for Editor in 0.00 ms.
Unloading 2109 Unused Serialized files (Serialized files now loaded: 0)
System memory in use before: 100.5 MB.
System memory in use after: 100.0 MB.

Unloading 32 unused Assets to reduce memory usage. Loaded Objects now: 2662.
Total: 5.116400 ms (FindLiveObjects: 0.368500 ms CreateObjectMapping: 0.194300 ms MarkObjects: 3.219300 ms  DeleteObjects: 1.332100 ms)

========================================================================
Received Prepare
Registering precompiled user dll's ...
Registered in 0.007734 seconds.
Begin MonoManager ReloadAssembly
Native extension for WindowsStandalone target not found
Refreshing native plugins compatible for Editor in 0.93 ms, found 1 plugins.
Preloading 0 native plugins for Editor in 0.00 ms.
Invoked RoslynAnalysisRunner static constructor.
RoslynAnalysisRunner will not be running.
RoslynAnalysisRunner has terminated.
Mono: successfully reloaded assembly
- Completed reload, in  2.140 seconds
Platform modules already initialized, skipping
Refreshing native plugins compatible for Editor in 0.85 ms, found 1 plugins.
Preloading 0 native plugins for Editor in 0.00 ms.
Unloading 2109 Unused Serialized files (Serialized files now loaded: 0)
System memory in use before: 100.4 MB.
System memory in use after: 100.0 MB.

Unloading 32 unused Assets to reduce memory usage. Loaded Objects now: 2664.
Total: 4.844300 ms (FindLiveObjects: 0.471400 ms CreateObjectMapping: 0.225500 ms MarkObjects: 3.013600 ms  DeleteObjects: 1.131700 ms)

========================================================================
Received Prepare
Registering precompiled user dll's ...
Registered in 0.008627 seconds.
Begin MonoManager ReloadAssembly
Native extension for WindowsStandalone target not found
Refreshing native plugins compatible for Editor in 1.01 ms, found 1 plugins.
Preloading 0 native plugins for Editor in 0.00 ms.
Invoked RoslynAnalysisRunner static constructor.
RoslynAnalysisRunner will not be running.
RoslynAnalysisRunner has terminated.
Mono: successfully reloaded assembly
- Completed reload, in  2.121 seconds
Platform modules already initialized, skipping
Refreshing native plugins compatible for Editor in 1.66 ms, found 1 plugins.
Preloading 0 native plugins for Editor in 0.00 ms.
Unloading 2109 Unused Serialized files (Serialized files now loaded: 0)
System memory in use before: 100.4 MB.
System memory in use after: 99.9 MB.

Unloading 32 unused Assets to reduce memory usage. Loaded Objects now: 2666.
Total: 7.629900 ms (FindLiveObjects: 0.599200 ms CreateObjectMapping: 0.311400 ms MarkObjects: 5.017400 ms  DeleteObjects: 1.699500 ms)

========================================================================
Received Prepare
Registering precompiled user dll's ...
Registered in 0.009902 seconds.
Begin MonoManager ReloadAssembly
Native extension for WindowsStandalone target not found
Refreshing native plugins compatible for Editor in 1.21 ms, found 1 plugins.
Preloading 0 native plugins for Editor in 0.00 ms.
Invoked RoslynAnalysisRunner static constructor.
RoslynAnalysisRunner will not be running.
RoslynAnalysisRunner has terminated.
Mono: successfully reloaded assembly
- Completed reload, in  2.352 seconds
Platform modules already initialized, skipping
Refreshing native plugins compatible for Editor in 0.97 ms, found 1 plugins.
Preloading 0 native plugins for Editor in 0.00 ms.
Unloading 2109 Unused Serialized files (Serialized files now loaded: 0)
System memory in use before: 100.5 MB.
System memory in use after: 100.0 MB.

Unloading 32 unused Assets to reduce memory usage. Loaded Objects now: 2668.
Total: 5.680800 ms (FindLiveObjects: 0.438900 ms CreateObjectMapping: 0.239700 ms MarkObjects: 3.482900 ms  DeleteObjects: 1.516700 ms)

========================================================================
Received Prepare
Registering precompiled user dll's ...
Registered in 0.012080 seconds.
Begin MonoManager ReloadAssembly
Native extension for WindowsStandalone target not found
Refreshing native plugins compatible for Editor in 1.14 ms, found 1 plugins.
Preloading 0 native plugins for Editor in 0.00 ms.
Invoked RoslynAnalysisRunner static constructor.
RoslynAnalysisRunner will not be running.
RoslynAnalysisRunner has terminated.
Mono: successfully reloaded assembly
- Completed reload, in  3.594 seconds
Platform modules already initialized, skipping
Refreshing native plugins compatible for Editor in 1.24 ms, found 1 plugins.
Preloading 0 native plugins for Editor in 0.00 ms.
Unloading 2109 Unused Serialized files (Serialized files now loaded: 0)
System memory in use before: 100.5 MB.
System memory in use after: 100.0 MB.

Unloading 32 unused Assets to reduce memory usage. Loaded Objects now: 2670.
Total: 10.350900 ms (FindLiveObjects: 0.646500 ms CreateObjectMapping: 0.366400 ms MarkObjects: 6.657900 ms  DeleteObjects: 2.676200 ms)

========================================================================
Received Prepare
Registering precompiled user dll's ...
Registered in 0.005954 seconds.
Begin MonoManager ReloadAssembly
Native extension for WindowsStandalone target not found
Refreshing native plugins compatible for Editor in 0.79 ms, found 1 plugins.
Preloading 0 native plugins for Editor in 0.00 ms.
Invoked RoslynAnalysisRunner static constructor.
RoslynAnalysisRunner will not be running.
RoslynAnalysisRunner has terminated.
Mono: successfully reloaded assembly
- Completed reload, in  1.495 seconds
Platform modules already initialized, skipping
Refreshing native plugins compatible for Editor in 1.12 ms, found 1 plugins.
Preloading 0 native plugins for Editor in 0.00 ms.
Unloading 2109 Unused Serialized files (Serialized files now loaded: 0)
System memory in use before: 100.5 MB.
System memory in use after: 100.0 MB.

Unloading 32 unused Assets to reduce memory usage. Loaded Objects now: 2672.
Total: 3.958200 ms (FindLiveObjects: 0.280500 ms CreateObjectMapping: 0.118800 ms MarkObjects: 2.507900 ms  DeleteObjects: 1.049100 ms)

========================================================================
Received Prepare
Registering precompiled user dll's ...
Registered in 0.005896 seconds.
Begin MonoManager ReloadAssembly
Native extension for WindowsStandalone target not found
Refreshing native plugins compatible for Editor in 0.80 ms, found 1 plugins.
Preloading 0 native plugins for Editor in 0.00 ms.
Invoked RoslynAnalysisRunner static constructor.
RoslynAnalysisRunner will not be running.
RoslynAnalysisRunner has terminated.
Mono: successfully reloaded assembly
- Completed reload, in  1.541 seconds
Platform modules already initialized, skipping
Refreshing native plugins compatible for Editor in 0.75 ms, found 1 plugins.
Preloading 0 native plugins for Editor in 0.00 ms.
Unloading 2109 Unused Serialized files (Serialized files now loaded: 0)
System memory in use before: 100.4 MB.
System memory in use after: 100.0 MB.

Unloading 32 unused Assets to reduce memory usage. Loaded Objects now: 2674.
Total: 3.580200 ms (FindLiveObjects: 0.268400 ms CreateObjectMapping: 0.130400 ms MarkObjects: 2.260700 ms  DeleteObjects: 0.919500 ms)

========================================================================
Received Prepare
Registering precompiled user dll's ...
Registered in 0.005790 seconds.
Begin MonoManager ReloadAssembly
Native extension for WindowsStandalone target not found
Refreshing native plugins compatible for Editor in 0.79 ms, found 1 plugins.
Preloading 0 native plugins for Editor in 0.00 ms.
Invoked RoslynAnalysisRunner static constructor.
RoslynAnalysisRunner will not be running.
RoslynAnalysisRunner has terminated.
Mono: successfully reloaded assembly
- Completed reload, in  1.536 seconds
Platform modules already initialized, skipping
Refreshing native plugins compatible for Editor in 0.74 ms, found 1 plugins.
Preloading 0 native plugins for Editor in 0.00 ms.
Unloading 2109 Unused Serialized files (Serialized files now loaded: 0)
System memory in use before: 100.4 MB.
System memory in use after: 99.9 MB.

Unloading 32 unused Assets to reduce memory usage. Loaded Objects now: 2676.
Total: 5.580200 ms (FindLiveObjects: 0.316600 ms CreateObjectMapping: 0.161800 ms MarkObjects: 3.534900 ms  DeleteObjects: 1.564900 ms)

========================================================================
Received Prepare
Registering precompiled user dll's ...
Registered in 0.005978 seconds.
Begin MonoManager ReloadAssembly
Native extension for WindowsStandalone target not found
Refreshing native plugins compatible for Editor in 0.76 ms, found 1 plugins.
Preloading 0 native plugins for Editor in 0.00 ms.
Invoked RoslynAnalysisRunner static constructor.
RoslynAnalysisRunner will not be running.
RoslynAnalysisRunner has terminated.
Mono: successfully reloaded assembly
- Completed reload, in  1.494 seconds
Platform modules already initialized, skipping
Refreshing native plugins compatible for Editor in 0.76 ms, found 1 plugins.
Preloading 0 native plugins for Editor in 0.00 ms.
Unloading 2109 Unused Serialized files (Serialized files now loaded: 0)
System memory in use before: 100.5 MB.
System memory in use after: 100.0 MB.

Unloading 32 unused Assets to reduce memory usage. Loaded Objects now: 2678.
Total: 3.950000 ms (FindLiveObjects: 0.279800 ms CreateObjectMapping: 0.146800 ms MarkObjects: 2.530200 ms  DeleteObjects: 0.992000 ms)

========================================================================
Received Prepare
Registering precompiled user dll's ...
Registered in 0.005931 seconds.
Begin MonoManager ReloadAssembly
Native extension for WindowsStandalone target not found
Refreshing native plugins compatible for Editor in 0.76 ms, found 1 plugins.
Preloading 0 native plugins for Editor in 0.00 ms.
Invoked RoslynAnalysisRunner static constructor.
RoslynAnalysisRunner will not be running.
RoslynAnalysisRunner has terminated.
Mono: successfully reloaded assembly
- Completed reload, in  1.461 seconds
Platform modules already initialized, skipping
Refreshing native plugins compatible for Editor in 0.75 ms, found 1 plugins.
Preloading 0 native plugins for Editor in 0.00 ms.
Unloading 2109 Unused Serialized files (Serialized files now loaded: 0)
System memory in use before: 100.5 MB.
System memory in use after: 100.0 MB.

Unloading 32 unused Assets to reduce memory usage. Loaded Objects now: 2680.
Total: 4.017200 ms (FindLiveObjects: 0.290000 ms CreateObjectMapping: 0.148600 ms MarkObjects: 2.620400 ms  DeleteObjects: 0.957000 ms)

========================================================================
Received Import Request.
  Time since last request: 1285.342974 seconds.
  path: Assets/Resources/UIForm/Prefabs/ContextMenu/ContextMenuForm.prefab
  artifactKey: Guid(b621b6686637430488b49388e7865d8b) Importer(815301076,1909f56bfc062723c751e8b465ee728b)
Start importing Assets/Resources/UIForm/Prefabs/ContextMenu/ContextMenuForm.prefab using Guid(b621b6686637430488b49388e7865d8b) Importer(815301076,1909f56bfc062723c751e8b465ee728b)  -> (artifact id: '3bdd4076609e4efa41a8f98002a491f5') in 0.098935 seconds
  Import took 0.124443 seconds .

========================================================================
Received Import Request.
  Time since last request: 0.000475 seconds.
  path: Assets/Resources/UIForm/Prefabs/ContextMenu/ContextMenuFormExtend.prefab
  artifactKey: Guid(d61142018ecd5c24499302f3706d33cc) Importer(815301076,1909f56bfc062723c751e8b465ee728b)
Start importing Assets/Resources/UIForm/Prefabs/ContextMenu/ContextMenuFormExtend.prefab using Guid(d61142018ecd5c24499302f3706d33cc) Importer(815301076,1909f56bfc062723c751e8b465ee728b)  -> (artifact id: '6954deeadaea1bf0742f985d03421b90') in 0.037349 seconds
  Import took 0.049107 seconds .

========================================================================
Received Import Request.
  Time since last request: 3.554100 seconds.
  path: Assets/NewFiles/Assets/TextMesh Pro
  artifactKey: Guid(f54d1bd14bd3ca042bd867b519fee8cc) Importer(815301076,1909f56bfc062723c751e8b465ee728b)
Start importing Assets/NewFiles/Assets/TextMesh Pro using Guid(f54d1bd14bd3ca042bd867b519fee8cc) Importer(815301076,1909f56bfc062723c751e8b465ee728b)  -> (artifact id: '019cb03cd4e37445542528c396c70315') in 0.009354 seconds
  Import took 0.014358 seconds .

========================================================================
Received Import Request.
  Time since last request: 0.003272 seconds.
  path: Assets/NewFiles/Assets/TextMesh Pro
  artifactKey: Guid(f54d1bd14bd3ca042bd867b519fee8cc) Importer(815301076,1909f56bfc062723c751e8b465ee728b)
Start importing Assets/NewFiles/Assets/TextMesh Pro using Guid(f54d1bd14bd3ca042bd867b519fee8cc) Importer(815301076,1909f56bfc062723c751e8b465ee728b)  -> (artifact id: '019cb03cd4e37445542528c396c70315') in 0.004426 seconds
  Import took 0.009634 seconds .

========================================================================
Received Import Request.
  Time since last request: 20.559216 seconds.
  path: Assets/NewFiles/Assets/Plugins/IngameDebugConsole/Scripts
  artifactKey: Guid(860c08388401a6d4e858fe4910ea9337) Importer(815301076,1909f56bfc062723c751e8b465ee728b)
Start importing Assets/NewFiles/Assets/Plugins/IngameDebugConsole/Scripts using Guid(860c08388401a6d4e858fe4910ea9337) Importer(815301076,1909f56bfc062723c751e8b465ee728b)  -> (artifact id: 'a7e18bf9ccd02367b3a782383ff36261') in 0.047780 seconds
  Import took 0.067964 seconds .

========================================================================
Received Import Request.
  Time since last request: 1.756516 seconds.
  path: Assets/NewFiles/Assets/Plugins/IngameDebugConsole
  artifactKey: Guid(02584c91120558144b582905610fac34) Importer(815301076,1909f56bfc062723c751e8b465ee728b)
Start importing Assets/NewFiles/Assets/Plugins/IngameDebugConsole using Guid(02584c91120558144b582905610fac34) Importer(815301076,1909f56bfc062723c751e8b465ee728b)  -> (artifact id: 'ec0fea327165fac7bdfdb413a3ca3016') in 0.010732 seconds
  Import took 0.060328 seconds .

========================================================================
Received Prepare
Registering precompiled user dll's ...
Registered in 0.005746 seconds.
Begin MonoManager ReloadAssembly
Native extension for WindowsStandalone target not found
Refreshing native plugins compatible for Editor in 0.73 ms, found 1 plugins.
Preloading 0 native plugins for Editor in 0.00 ms.
Invoked RoslynAnalysisRunner static constructor.
RoslynAnalysisRunner will not be running.
RoslynAnalysisRunner has terminated.
Mono: successfully reloaded assembly
- Completed reload, in  1.515 seconds
Platform modules already initialized, skipping
Refreshing native plugins compatible for Editor in 0.78 ms, found 1 plugins.
Preloading 0 native plugins for Editor in 0.00 ms.
Unloading 2109 Unused Serialized files (Serialized files now loaded: 0)
System memory in use before: 100.5 MB.
System memory in use after: 100.0 MB.

Unloading 32 unused Assets to reduce memory usage. Loaded Objects now: 2682.
Total: 4.151200 ms (FindLiveObjects: 0.285100 ms CreateObjectMapping: 0.142600 ms MarkObjects: 2.564500 ms  DeleteObjects: 1.157200 ms)

========================================================================
Received Import Request.
  Time since last request: 199.886239 seconds.
  path: Assets/NewFiles/Assets/Plugins/IngameDebugConsole/IngameDebugConsole_NewUI.prefab
  artifactKey: Guid(67117722a812a2e46ab8cb8eafbf5f5e) Importer(815301076,1909f56bfc062723c751e8b465ee728b)
Start importing Assets/NewFiles/Assets/Plugins/IngameDebugConsole/IngameDebugConsole_NewUI.prefab using Guid(67117722a812a2e46ab8cb8eafbf5f5e) Importer(815301076,1909f56bfc062723c751e8b465ee728b)  -> (artifact id: '11b6123719813d3dbe9b5c446d276af1') in 0.365388 seconds
  Import took 0.385867 seconds .

========================================================================
Received Prepare
Registering precompiled user dll's ...
Registered in 0.005847 seconds.
Begin MonoManager ReloadAssembly
Native extension for WindowsStandalone target not found
Refreshing native plugins compatible for Editor in 0.76 ms, found 1 plugins.
Preloading 0 native plugins for Editor in 0.00 ms.
Invoked RoslynAnalysisRunner static constructor.
RoslynAnalysisRunner will not be running.
RoslynAnalysisRunner has terminated.
Mono: successfully reloaded assembly
- Completed reload, in  1.474 seconds
Platform modules already initialized, skipping
Refreshing native plugins compatible for Editor in 0.76 ms, found 1 plugins.
Preloading 0 native plugins for Editor in 0.00 ms.
Unloading 2109 Unused Serialized files (Serialized files now loaded: 0)
System memory in use before: 100.5 MB.
System memory in use after: 100.1 MB.

Unloading 33 unused Assets to reduce memory usage. Loaded Objects now: 2684.
Total: 3.917600 ms (FindLiveObjects: 0.377900 ms CreateObjectMapping: 0.179100 ms MarkObjects: 2.414400 ms  DeleteObjects: 0.943600 ms)

========================================================================
Received Prepare
Registering precompiled user dll's ...
Registered in 0.005679 seconds.
Begin MonoManager ReloadAssembly
Native extension for WindowsStandalone target not found
Refreshing native plugins compatible for Editor in 0.81 ms, found 1 plugins.
Preloading 0 native plugins for Editor in 0.00 ms.
Invoked RoslynAnalysisRunner static constructor.
RoslynAnalysisRunner will not be running.
RoslynAnalysisRunner has terminated.
Mono: successfully reloaded assembly
- Completed reload, in  1.512 seconds
Platform modules already initialized, skipping
Refreshing native plugins compatible for Editor in 0.94 ms, found 1 plugins.
Preloading 0 native plugins for Editor in 0.00 ms.
Unloading 2109 Unused Serialized files (Serialized files now loaded: 0)
System memory in use before: 100.5 MB.
System memory in use after: 100.0 MB.

Unloading 32 unused Assets to reduce memory usage. Loaded Objects now: 2686.
Total: 3.707600 ms (FindLiveObjects: 0.291900 ms CreateObjectMapping: 0.136400 ms MarkObjects: 2.318100 ms  DeleteObjects: 0.959800 ms)

========================================================================
Received Prepare
Registering precompiled user dll's ...
Registered in 0.007430 seconds.
Begin MonoManager ReloadAssembly
Native extension for WindowsStandalone target not found
Refreshing native plugins compatible for Editor in 0.74 ms, found 1 plugins.
Preloading 0 native plugins for Editor in 0.00 ms.
Invoked RoslynAnalysisRunner static constructor.
RoslynAnalysisRunner will not be running.
RoslynAnalysisRunner has terminated.
Mono: successfully reloaded assembly
- Completed reload, in  1.713 seconds
Platform modules already initialized, skipping
Refreshing native plugins compatible for Editor in 1.65 ms, found 1 plugins.
Preloading 0 native plugins for Editor in 0.00 ms.
Unloading 2109 Unused Serialized files (Serialized files now loaded: 0)
System memory in use before: 100.5 MB.
System memory in use after: 100.1 MB.

Unloading 32 unused Assets to reduce memory usage. Loaded Objects now: 2688.
Total: 4.117400 ms (FindLiveObjects: 0.426000 ms CreateObjectMapping: 0.188500 ms MarkObjects: 2.543000 ms  DeleteObjects: 0.958100 ms)

========================================================================
Received Prepare
Registering precompiled user dll's ...
Registered in 0.005747 seconds.
Begin MonoManager ReloadAssembly
Native extension for WindowsStandalone target not found
Refreshing native plugins compatible for Editor in 1.59 ms, found 1 plugins.
Preloading 0 native plugins for Editor in 0.00 ms.
Invoked RoslynAnalysisRunner static constructor.
RoslynAnalysisRunner will not be running.
RoslynAnalysisRunner has terminated.
Mono: successfully reloaded assembly
- Completed reload, in  1.522 seconds
Platform modules already initialized, skipping
Refreshing native plugins compatible for Editor in 0.82 ms, found 1 plugins.
Preloading 0 native plugins for Editor in 0.00 ms.
Unloading 2109 Unused Serialized files (Serialized files now loaded: 0)
System memory in use before: 100.6 MB.
System memory in use after: 100.1 MB.

Unloading 32 unused Assets to reduce memory usage. Loaded Objects now: 2690.
Total: 4.158000 ms (FindLiveObjects: 0.280400 ms CreateObjectMapping: 0.138800 ms MarkObjects: 2.739000 ms  DeleteObjects: 0.998500 ms)

========================================================================
Received Prepare
Registering precompiled user dll's ...
Registered in 0.005635 seconds.
Begin MonoManager ReloadAssembly
Native extension for WindowsStandalone target not found
Refreshing native plugins compatible for Editor in 0.77 ms, found 1 plugins.
Preloading 0 native plugins for Editor in 0.00 ms.
Invoked RoslynAnalysisRunner static constructor.
RoslynAnalysisRunner will not be running.
RoslynAnalysisRunner has terminated.
Mono: successfully reloaded assembly
- Completed reload, in  1.484 seconds
Platform modules already initialized, skipping
Refreshing native plugins compatible for Editor in 0.77 ms, found 1 plugins.
Preloading 0 native plugins for Editor in 0.00 ms.
Unloading 2109 Unused Serialized files (Serialized files now loaded: 0)
System memory in use before: 100.5 MB.
System memory in use after: 100.1 MB.

Unloading 32 unused Assets to reduce memory usage. Loaded Objects now: 2692.
Total: 3.951200 ms (FindLiveObjects: 0.314700 ms CreateObjectMapping: 0.153600 ms MarkObjects: 2.530600 ms  DeleteObjects: 0.951000 ms)

========================================================================
Received Import Request.
  Time since last request: 583.349586 seconds.
  path: Assets/NewFiles/Assets/Plugins/IngameDebugConsole/IngameDebugConsole_NewUI.prefab
  artifactKey: Guid(67117722a812a2e46ab8cb8eafbf5f5e) Importer(815301076,1909f56bfc062723c751e8b465ee728b)
Start importing Assets/NewFiles/Assets/Plugins/IngameDebugConsole/IngameDebugConsole_NewUI.prefab using Guid(67117722a812a2e46ab8cb8eafbf5f5e) Importer(815301076,1909f56bfc062723c751e8b465ee728b)  -> (artifact id: '21f9a2ae5e82932219dc418025892035') in 0.109381 seconds
  Import took 0.156788 seconds .

========================================================================
Received Prepare
Registering precompiled user dll's ...
Registered in 0.005712 seconds.
Begin MonoManager ReloadAssembly
Native extension for WindowsStandalone target not found
Refreshing native plugins compatible for Editor in 0.76 ms, found 1 plugins.
Preloading 0 native plugins for Editor in 0.00 ms.
Invoked RoslynAnalysisRunner static constructor.
RoslynAnalysisRunner will not be running.
RoslynAnalysisRunner has terminated.
Mono: successfully reloaded assembly
- Completed reload, in  1.562 seconds
Platform modules already initialized, skipping
Refreshing native plugins compatible for Editor in 0.77 ms, found 1 plugins.
Preloading 0 native plugins for Editor in 0.00 ms.
Unloading 2109 Unused Serialized files (Serialized files now loaded: 0)
System memory in use before: 100.5 MB.
System memory in use after: 100.1 MB.

Unloading 33 unused Assets to reduce memory usage. Loaded Objects now: 2694.
Total: 4.171100 ms (FindLiveObjects: 0.410400 ms CreateObjectMapping: 0.288400 ms MarkObjects: 2.425300 ms  DeleteObjects: 1.045100 ms)

========================================================================
Received Import Request.
  Time since last request: 188.703965 seconds.
  path: Assets/NewFiles/Assets/Plugins/IngameDebugConsole/IngameDebugConsole_NewUI.prefab
  artifactKey: Guid(67117722a812a2e46ab8cb8eafbf5f5e) Importer(815301076,1909f56bfc062723c751e8b465ee728b)
Start importing Assets/NewFiles/Assets/Plugins/IngameDebugConsole/IngameDebugConsole_NewUI.prefab using Guid(67117722a812a2e46ab8cb8eafbf5f5e) Importer(815301076,1909f56bfc062723c751e8b465ee728b)  -> (artifact id: '3c29d05cbc93d91e06ba69e3c8c146cd') in 0.109786 seconds
  Import took 0.115751 seconds .

========================================================================
Received Prepare
Registering precompiled user dll's ...
Registered in 0.005882 seconds.
Begin MonoManager ReloadAssembly
Native extension for WindowsStandalone target not found
Refreshing native plugins compatible for Editor in 0.75 ms, found 1 plugins.
Preloading 0 native plugins for Editor in 0.00 ms.
Invoked RoslynAnalysisRunner static constructor.
RoslynAnalysisRunner will not be running.
RoslynAnalysisRunner has terminated.
Mono: successfully reloaded assembly
- Completed reload, in  1.496 seconds
Platform modules already initialized, skipping
Refreshing native plugins compatible for Editor in 0.77 ms, found 1 plugins.
Preloading 0 native plugins for Editor in 0.00 ms.
Unloading 2109 Unused Serialized files (Serialized files now loaded: 0)
System memory in use before: 100.5 MB.
System memory in use after: 100.0 MB.

Unloading 33 unused Assets to reduce memory usage. Loaded Objects now: 2696.
Total: 3.898200 ms (FindLiveObjects: 0.290800 ms CreateObjectMapping: 0.118800 ms MarkObjects: 2.517400 ms  DeleteObjects: 0.970000 ms)

========================================================================
Received Prepare
Registering precompiled user dll's ...
Registered in 0.005753 seconds.
Begin MonoManager ReloadAssembly
Native extension for WindowsStandalone target not found
Refreshing native plugins compatible for Editor in 0.75 ms, found 1 plugins.
Preloading 0 native plugins for Editor in 0.00 ms.
Invoked RoslynAnalysisRunner static constructor.
RoslynAnalysisRunner will not be running.
RoslynAnalysisRunner has terminated.
Mono: successfully reloaded assembly
- Completed reload, in  1.486 seconds
Platform modules already initialized, skipping
Refreshing native plugins compatible for Editor in 0.73 ms, found 1 plugins.
Preloading 0 native plugins for Editor in 0.00 ms.
Unloading 2109 Unused Serialized files (Serialized files now loaded: 0)
System memory in use before: 100.7 MB.
System memory in use after: 100.2 MB.

Unloading 32 unused Assets to reduce memory usage. Loaded Objects now: 2698.
Total: 3.956300 ms (FindLiveObjects: 0.351600 ms CreateObjectMapping: 0.137400 ms MarkObjects: 2.507400 ms  DeleteObjects: 0.958800 ms)

========================================================================
Received Prepare
Registering precompiled user dll's ...
Registered in 0.005726 seconds.
Begin MonoManager ReloadAssembly
Native extension for WindowsStandalone target not found
Refreshing native plugins compatible for Editor in 0.73 ms, found 1 plugins.
Preloading 0 native plugins for Editor in 0.00 ms.
Invoked RoslynAnalysisRunner static constructor.
RoslynAnalysisRunner will not be running.
RoslynAnalysisRunner has terminated.
Mono: successfully reloaded assembly
- Completed reload, in  1.380 seconds
Platform modules already initialized, skipping
Refreshing native plugins compatible for Editor in 0.77 ms, found 1 plugins.
Preloading 0 native plugins for Editor in 0.00 ms.
Unloading 2109 Unused Serialized files (Serialized files now loaded: 0)
System memory in use before: 100.6 MB.
System memory in use after: 100.2 MB.

Unloading 32 unused Assets to reduce memory usage. Loaded Objects now: 2700.
Total: 4.056700 ms (FindLiveObjects: 0.386600 ms CreateObjectMapping: 0.178700 ms MarkObjects: 2.553400 ms  DeleteObjects: 0.936600 ms)

========================================================================
Received Prepare
Registering precompiled user dll's ...
Registered in 0.021891 seconds.
Begin MonoManager ReloadAssembly
Native extension for WindowsStandalone target not found
Refreshing native plugins compatible for Editor in 0.74 ms, found 1 plugins.
Preloading 0 native plugins for Editor in 0.00 ms.
Invoked RoslynAnalysisRunner static constructor.
RoslynAnalysisRunner will not be running.
RoslynAnalysisRunner has terminated.
Mono: successfully reloaded assembly
- Completed reload, in  1.385 seconds
Platform modules already initialized, skipping
Refreshing native plugins compatible for Editor in 0.76 ms, found 1 plugins.
Preloading 0 native plugins for Editor in 0.00 ms.
Unloading 2109 Unused Serialized files (Serialized files now loaded: 0)
System memory in use before: 100.6 MB.
System memory in use after: 100.3 MB.

Unloading 32 unused Assets to reduce memory usage. Loaded Objects now: 2702.
Total: 4.206000 ms (FindLiveObjects: 0.356700 ms CreateObjectMapping: 0.184700 ms MarkObjects: 2.658300 ms  DeleteObjects: 1.004900 ms)

========================================================================
Received Prepare
Registering precompiled user dll's ...
Registered in 0.006278 seconds.
Begin MonoManager ReloadAssembly
Native extension for WindowsStandalone target not found
Refreshing native plugins compatible for Editor in 1.30 ms, found 1 plugins.
Preloading 0 native plugins for Editor in 0.00 ms.
Invoked RoslynAnalysisRunner static constructor.
RoslynAnalysisRunner will not be running.
RoslynAnalysisRunner has terminated.
Mono: successfully reloaded assembly
- Completed reload, in  1.937 seconds
Platform modules already initialized, skipping
Refreshing native plugins compatible for Editor in 0.76 ms, found 1 plugins.
Preloading 0 native plugins for Editor in 0.00 ms.
Unloading 2109 Unused Serialized files (Serialized files now loaded: 0)
System memory in use before: 100.6 MB.
System memory in use after: 100.3 MB.

Unloading 32 unused Assets to reduce memory usage. Loaded Objects now: 2704.
Total: 5.147100 ms (FindLiveObjects: 0.429200 ms CreateObjectMapping: 0.246900 ms MarkObjects: 3.064900 ms  DeleteObjects: 1.403700 ms)

========================================================================
Received Prepare
Registering precompiled user dll's ...
Registered in 0.005716 seconds.
Begin MonoManager ReloadAssembly
Native extension for WindowsStandalone target not found
Refreshing native plugins compatible for Editor in 1.40 ms, found 1 plugins.
Preloading 0 native plugins for Editor in 0.00 ms.
Invoked RoslynAnalysisRunner static constructor.
RoslynAnalysisRunner will not be running.
RoslynAnalysisRunner has terminated.
Mono: successfully reloaded assembly
- Completed reload, in  1.483 seconds
Platform modules already initialized, skipping
Refreshing native plugins compatible for Editor in 0.81 ms, found 1 plugins.
Preloading 0 native plugins for Editor in 0.00 ms.
Unloading 2109 Unused Serialized files (Serialized files now loaded: 0)
System memory in use before: 100.6 MB.
System memory in use after: 100.2 MB.

Unloading 32 unused Assets to reduce memory usage. Loaded Objects now: 2706.
Total: 3.908700 ms (FindLiveObjects: 0.335000 ms CreateObjectMapping: 0.164100 ms MarkObjects: 2.425900 ms  DeleteObjects: 0.982100 ms)

========================================================================
Received Prepare
Registering precompiled user dll's ...
Registered in 0.007017 seconds.
Begin MonoManager ReloadAssembly
Native extension for WindowsStandalone target not found
Refreshing native plugins compatible for Editor in 0.99 ms, found 1 plugins.
Preloading 0 native plugins for Editor in 0.00 ms.
Invoked RoslynAnalysisRunner static constructor.
RoslynAnalysisRunner will not be running.
RoslynAnalysisRunner has terminated.
Mono: successfully reloaded assembly
- Completed reload, in  1.878 seconds
Platform modules already initialized, skipping
Refreshing native plugins compatible for Editor in 0.78 ms, found 1 plugins.
Preloading 0 native plugins for Editor in 0.00 ms.
Unloading 2109 Unused Serialized files (Serialized files now loaded: 0)
System memory in use before: 100.6 MB.
System memory in use after: 100.3 MB.

Unloading 32 unused Assets to reduce memory usage. Loaded Objects now: 2708.
Total: 3.846700 ms (FindLiveObjects: 0.349500 ms CreateObjectMapping: 0.164500 ms MarkObjects: 2.384500 ms  DeleteObjects: 0.946900 ms)

========================================================================
Received Prepare
Registering precompiled user dll's ...
Registered in 0.003452 seconds.
Begin MonoManager ReloadAssembly
Native extension for WindowsStandalone target not found
Refreshing native plugins compatible for Editor in 0.51 ms, found 1 plugins.
Preloading 0 native plugins for Editor in 0.00 ms.
Invoked RoslynAnalysisRunner static constructor.
RoslynAnalysisRunner will not be running.
RoslynAnalysisRunner has terminated.
Mono: successfully reloaded assembly
- Completed reload, in  0.913 seconds
Platform modules already initialized, skipping
Refreshing native plugins compatible for Editor in 0.55 ms, found 1 plugins.
Preloading 0 native plugins for Editor in 0.00 ms.
Unloading 2109 Unused Serialized files (Serialized files now loaded: 0)
System memory in use before: 100.7 MB.
System memory in use after: 100.3 MB.

Unloading 32 unused Assets to reduce memory usage. Loaded Objects now: 2710.
Total: 4.444600 ms (FindLiveObjects: 0.371600 ms CreateObjectMapping: 0.193500 ms MarkObjects: 2.704000 ms  DeleteObjects: 1.174200 ms)

========================================================================
Received Prepare
Registering precompiled user dll's ...
Registered in 0.003450 seconds.
Begin MonoManager ReloadAssembly
Native extension for WindowsStandalone target not found
Refreshing native plugins compatible for Editor in 0.60 ms, found 1 plugins.
Preloading 0 native plugins for Editor in 0.00 ms.
Invoked RoslynAnalysisRunner static constructor.
RoslynAnalysisRunner will not be running.
RoslynAnalysisRunner has terminated.
Mono: successfully reloaded assembly
- Completed reload, in  0.900 seconds
Platform modules already initialized, skipping
Refreshing native plugins compatible for Editor in 0.54 ms, found 1 plugins.
Preloading 0 native plugins for Editor in 0.00 ms.
Unloading 2109 Unused Serialized files (Serialized files now loaded: 0)
System memory in use before: 100.6 MB.
System memory in use after: 100.3 MB.

Unloading 32 unused Assets to reduce memory usage. Loaded Objects now: 2712.
Total: 4.957400 ms (FindLiveObjects: 0.400400 ms CreateObjectMapping: 0.201500 ms MarkObjects: 3.256000 ms  DeleteObjects: 1.097700 ms)

========================================================================
Received Import Request.
  Time since last request: 602.535949 seconds.
  path: Assets/NewFiles/Assets/TextMesh Pro/Fonts/LiberationSans.ttf
  artifactKey: Guid(e3265ab4bf004d28a9537516768c1c75) Importer(815301076,1909f56bfc062723c751e8b465ee728b)
Start importing Assets/NewFiles/Assets/TextMesh Pro/Fonts/LiberationSans.ttf using Guid(e3265ab4bf004d28a9537516768c1c75) Importer(815301076,1909f56bfc062723c751e8b465ee728b)  -> (artifact id: 'a8e04df04bd90661b298776627ef7580') in 0.192743 seconds
  Import took 0.207650 seconds .

========================================================================
Received Prepare
Registering precompiled user dll's ...
Registered in 0.003450 seconds.
Begin MonoManager ReloadAssembly
Native extension for WindowsStandalone target not found
Refreshing native plugins compatible for Editor in 0.55 ms, found 1 plugins.
Preloading 0 native plugins for Editor in 0.00 ms.
Invoked RoslynAnalysisRunner static constructor.
RoslynAnalysisRunner will not be running.
RoslynAnalysisRunner has terminated.
Mono: successfully reloaded assembly
- Completed reload, in  0.929 seconds
Platform modules already initialized, skipping
Refreshing native plugins compatible for Editor in 0.53 ms, found 1 plugins.
Preloading 0 native plugins for Editor in 0.00 ms.
Unloading 2109 Unused Serialized files (Serialized files now loaded: 0)
System memory in use before: 104.0 MB.
System memory in use after: 103.7 MB.

Unloading 32 unused Assets to reduce memory usage. Loaded Objects now: 2758.
Total: 3.601700 ms (FindLiveObjects: 0.338700 ms CreateObjectMapping: 0.173300 ms MarkObjects: 2.390900 ms  DeleteObjects: 0.697400 ms)

========================================================================
Received Prepare
Registering precompiled user dll's ...
Registered in 0.003634 seconds.
Begin MonoManager ReloadAssembly
Native extension for WindowsStandalone target not found
Refreshing native plugins compatible for Editor in 0.50 ms, found 1 plugins.
Preloading 0 native plugins for Editor in 0.00 ms.
Invoked RoslynAnalysisRunner static constructor.
RoslynAnalysisRunner will not be running.
RoslynAnalysisRunner has terminated.
Mono: successfully reloaded assembly
- Completed reload, in  0.880 seconds
Platform modules already initialized, skipping
Refreshing native plugins compatible for Editor in 0.60 ms, found 1 plugins.
Preloading 0 native plugins for Editor in 0.00 ms.
Unloading 2109 Unused Serialized files (Serialized files now loaded: 0)
System memory in use before: 104.0 MB.
System memory in use after: 103.6 MB.

Unloading 32 unused Assets to reduce memory usage. Loaded Objects now: 2760.
Total: 5.053200 ms (FindLiveObjects: 0.406400 ms CreateObjectMapping: 0.198100 ms MarkObjects: 3.232200 ms  DeleteObjects: 1.215000 ms)

========================================================================
Received Prepare
Registering precompiled user dll's ...
Registered in 0.003496 seconds.
Begin MonoManager ReloadAssembly
Native extension for WindowsStandalone target not found
Refreshing native plugins compatible for Editor in 0.50 ms, found 1 plugins.
Preloading 0 native plugins for Editor in 0.00 ms.
Invoked RoslynAnalysisRunner static constructor.
RoslynAnalysisRunner will not be running.
RoslynAnalysisRunner has terminated.
Mono: successfully reloaded assembly
- Completed reload, in  0.848 seconds
Platform modules already initialized, skipping
Refreshing native plugins compatible for Editor in 0.52 ms, found 1 plugins.
Preloading 0 native plugins for Editor in 0.00 ms.
Unloading 2109 Unused Serialized files (Serialized files now loaded: 0)
System memory in use before: 104.0 MB.
System memory in use after: 103.7 MB.

Unloading 32 unused Assets to reduce memory usage. Loaded Objects now: 2762.
Total: 3.134500 ms (FindLiveObjects: 0.284700 ms CreateObjectMapping: 0.130000 ms MarkObjects: 2.066500 ms  DeleteObjects: 0.652200 ms)

