Using pre-set license
Built from '2020.2/release' branch; Version is '2020.2.1f1 (270dd8c3da1c) revision 2559448'; Using compiler version '192528614'; Build Type 'Release'
OS: 'Windows 10  (10.0.0) 64bit' Language: 'en' Physical Memory: 8032 MB
BatchMode: 1, IsHumanControllingUs: 0, StartBugReporterOnCrash: 0, Is64bit: 1, IsPro: 0

 COMMAND LINE ARGUMENTS:
C:\Program Files\Unity\Hub\Editor\2020.2.1f1\Editor\Unity.exe
-adb2
-batchMode
-noUpm
-name
AssetImportWorker0
-projectPath
D:/Repositories/eSpace3D/eSpace3D_SivaKrishna
-logFile
Logs/AssetImportWorker0.log
-srvPort
50673
Successfully changed project path to: D:/Repositories/eSpace3D/eSpace3D_SivaKrishna
D:/Repositories/eSpace3D/eSpace3D_SivaKrishna
Using Asset Import Pipeline V2.
Refreshing native plugins compatible for Editor in 100.49 ms, found 1 plugins.
Preloading 0 native plugins for Editor in 0.00 ms.
Initialize engine version: 2020.2.1f1 (270dd8c3da1c)
[Subsystems] Discovering subsystems at path C:/Program Files/Unity/Hub/Editor/2020.2.1f1/Editor/Data/Resources/UnitySubsystems
[Subsystems] Discovering subsystems at path D:/Repositories/eSpace3D/eSpace3D_SivaKrishna/Assets
GfxDevice: creating device client; threaded=0
Direct3D:
    Version:  Direct3D 11.0 [level 11.1]
    Renderer: NVIDIA GeForce GTX 1050 Ti (ID=0x1c8c)
    Vendor:   
    VRAM:     4018 MB
    Driver:   26.21.14.4223
Initialize mono
Mono path[0] = 'C:/Program Files/Unity/Hub/Editor/2020.2.1f1/Editor/Data/Managed'
Mono path[1] = 'C:/Program Files/Unity/Hub/Editor/2020.2.1f1/Editor/Data/MonoBleedingEdge/lib/mono/unityjit'
Mono config path = 'C:/Program Files/Unity/Hub/Editor/2020.2.1f1/Editor/Data/MonoBleedingEdge/etc'
Using monoOptions --debugger-agent=transport=dt_socket,embedding=1,server=y,suspend=n,address=127.0.0.1:56896
Begin MonoManager ReloadAssembly
Registering precompiled unity dll's ...
Register platform support module: C:/Program Files/Unity/Hub/Editor/2020.2.1f1/Editor/Data/PlaybackEngines/WindowsStandaloneSupport/UnityEditor.WindowsStandalone.Extensions.dll
Registered in 0.003192 seconds.
Native extension for WindowsStandalone target not found
Refreshing native plugins compatible for Editor in 87.14 ms, found 1 plugins.
Preloading 0 native plugins for Editor in 0.00 ms.
Invoked RoslynAnalysisRunner static constructor.
RoslynAnalysisRunner will not be running.
RoslynAnalysisRunner has terminated.
Mono: successfully reloaded assembly
- Completed reload, in  4.021 seconds
Platform modules already initialized, skipping
Registering precompiled user dll's ...
Registered in 0.007599 seconds.
Begin MonoManager ReloadAssembly
Native extension for WindowsStandalone target not found
Refreshing native plugins compatible for Editor in 120.57 ms, found 1 plugins.
Preloading 0 native plugins for Editor in 0.00 ms.
Invoked RoslynAnalysisRunner static constructor.
RoslynAnalysisRunner will not be running.
RoslynAnalysisRunner has terminated.
Mono: successfully reloaded assembly
- Completed reload, in  2.137 seconds
Platform modules already initialized, skipping
========================================================================
Worker process is ready to serve import requests
Launched and connected shader compiler UnityShaderCompiler.exe after 0.11 seconds
Refreshing native plugins compatible for Editor in 0.92 ms, found 1 plugins.
Preloading 0 native plugins for Editor in 0.00 ms.
Unloading 2194 Unused Serialized files (Serialized files now loaded: 0)
System memory in use before: 105.9 MB.
System memory in use after: 105.4 MB.

Unloading 37 unused Assets to reduce memory usage. Loaded Objects now: 2644.
Total: 5.314700 ms (FindLiveObjects: 0.434400 ms CreateObjectMapping: 0.261500 ms MarkObjects: 3.310700 ms  DeleteObjects: 1.305800 ms)

========================================================================
Received Import Request.
  path: Assets/RuntimeGizmo
  artifactKey: Guid(e0e400a4cc559204f96d05fca7911980) Importer(815301076,1909f56bfc062723c751e8b465ee728b)
Start importing Assets/RuntimeGizmo using Guid(e0e400a4cc559204f96d05fca7911980) Importer(815301076,1909f56bfc062723c751e8b465ee728b)  -> (artifact id: 'bfd57bedeb02e8db4817693b5a44b6d5') in 0.027198 seconds
  Import took 0.059731 seconds .

========================================================================
Received Import Request.
  Time since last request: 0.000685 seconds.
  path: Assets/SaveLoad
  artifactKey: Guid(76809ce6e7fe8b74aa83def92f390e1d) Importer(815301076,1909f56bfc062723c751e8b465ee728b)
Start importing Assets/SaveLoad using Guid(76809ce6e7fe8b74aa83def92f390e1d) Importer(815301076,1909f56bfc062723c751e8b465ee728b)  -> (artifact id: '3dabd446866632c1c547e050a0ba1f68') in 0.010538 seconds
  Import took 0.031681 seconds .

========================================================================
Received Import Request.
  Time since last request: 1.676843 seconds.
  path: Assets/RuntimeGizmo/Custom
  artifactKey: Guid(f3ccc18e5d38fef4bb833958090c6a41) Importer(815301076,1909f56bfc062723c751e8b465ee728b)
Start importing Assets/RuntimeGizmo/Custom using Guid(f3ccc18e5d38fef4bb833958090c6a41) Importer(815301076,1909f56bfc062723c751e8b465ee728b)  -> (artifact id: '320c0cd8db1132507b7c6068de72dd91') in 0.009382 seconds
  Import took 0.026500 seconds .

========================================================================
Received Import Request.
  Time since last request: 0.006189 seconds.
  path: Assets/RuntimeGizmo/Custom
  artifactKey: Guid(f3ccc18e5d38fef4bb833958090c6a41) Importer(815301076,1909f56bfc062723c751e8b465ee728b)
Start importing Assets/RuntimeGizmo/Custom using Guid(f3ccc18e5d38fef4bb833958090c6a41) Importer(815301076,1909f56bfc062723c751e8b465ee728b)  -> (artifact id: '320c0cd8db1132507b7c6068de72dd91') in 0.015595 seconds
  Import took 0.021523 seconds .

========================================================================
Received Import Request.
  Time since last request: 13.974722 seconds.
  path: Assets/RuntimeGizmo/UndoRedo
  artifactKey: Guid(6bcf5fe9b46105b448dc6ef1b9629fdd) Importer(815301076,1909f56bfc062723c751e8b465ee728b)
Start importing Assets/RuntimeGizmo/UndoRedo using Guid(6bcf5fe9b46105b448dc6ef1b9629fdd) Importer(815301076,1909f56bfc062723c751e8b465ee728b)  -> (artifact id: '87cc210c15011fe727a9432614a3eec1') in 0.022324 seconds
  Import took 0.036717 seconds .

========================================================================
Received Import Request.
  Time since last request: 0.009379 seconds.
  path: Assets/RuntimeGizmo/UndoRedo
  artifactKey: Guid(6bcf5fe9b46105b448dc6ef1b9629fdd) Importer(815301076,1909f56bfc062723c751e8b465ee728b)
Start importing Assets/RuntimeGizmo/UndoRedo using Guid(6bcf5fe9b46105b448dc6ef1b9629fdd) Importer(815301076,1909f56bfc062723c751e8b465ee728b)  -> (artifact id: '87cc210c15011fe727a9432614a3eec1') in 0.003583 seconds
  Import took 0.008888 seconds .

========================================================================
Received Import Request.
  Time since last request: 3.701448 seconds.
  path: Assets/RuntimeGizmo/UndoRedo/CommandGroup.cs
  artifactKey: Guid(622b5cbe7e023314eaaa97964e6a5ff8) Importer(815301076,1909f56bfc062723c751e8b465ee728b)
Start importing Assets/RuntimeGizmo/UndoRedo/CommandGroup.cs using Guid(622b5cbe7e023314eaaa97964e6a5ff8) Importer(815301076,1909f56bfc062723c751e8b465ee728b)  -> (artifact id: '55404949cbe94f304e49694a785dab4e') in 0.126678 seconds
  Import took 0.140375 seconds .

========================================================================
Received Import Request.
  Time since last request: 0.011176 seconds.
  path: Assets/RuntimeGizmo/UndoRedo/CommandGroup.cs
  artifactKey: Guid(622b5cbe7e023314eaaa97964e6a5ff8) Importer(815301076,1909f56bfc062723c751e8b465ee728b)
Start importing Assets/RuntimeGizmo/UndoRedo/CommandGroup.cs using Guid(622b5cbe7e023314eaaa97964e6a5ff8) Importer(815301076,1909f56bfc062723c751e8b465ee728b)  -> (artifact id: '55404949cbe94f304e49694a785dab4e') in 0.004604 seconds
  Import took 0.012004 seconds .

========================================================================
Received Import Request.
  Time since last request: 5.328556 seconds.
  path: Assets/RuntimeGizmo/UndoRedo/DropoutStack.cs
  artifactKey: Guid(c85f853a5be7e4c48ac05e8ebb28f6fe) Importer(815301076,1909f56bfc062723c751e8b465ee728b)
Start importing Assets/RuntimeGizmo/UndoRedo/DropoutStack.cs using Guid(c85f853a5be7e4c48ac05e8ebb28f6fe) Importer(815301076,1909f56bfc062723c751e8b465ee728b)  -> (artifact id: 'a6c72ee4bad02e29393fff32c061c4ed') in 0.008290 seconds
  Import took 0.022564 seconds .

========================================================================
Received Import Request.
  Time since last request: 0.008864 seconds.
  path: Assets/RuntimeGizmo/UndoRedo/DropoutStack.cs
  artifactKey: Guid(c85f853a5be7e4c48ac05e8ebb28f6fe) Importer(815301076,1909f56bfc062723c751e8b465ee728b)
Start importing Assets/RuntimeGizmo/UndoRedo/DropoutStack.cs using Guid(c85f853a5be7e4c48ac05e8ebb28f6fe) Importer(815301076,1909f56bfc062723c751e8b465ee728b)  -> (artifact id: 'a6c72ee4bad02e29393fff32c061c4ed') in 0.003125 seconds
  Import took 0.009231 seconds .

========================================================================
Received Import Request.
  Time since last request: 5.657769 seconds.
  path: Assets/RuntimeGizmo/UndoRedo/ICommand.cs
  artifactKey: Guid(13e36deb1288b1649958b79ed25bb86c) Importer(815301076,1909f56bfc062723c751e8b465ee728b)
Start importing Assets/RuntimeGizmo/UndoRedo/ICommand.cs using Guid(13e36deb1288b1649958b79ed25bb86c) Importer(815301076,1909f56bfc062723c751e8b465ee728b)  -> (artifact id: 'b0e82d96cf3ce4ee839ce84bf0c0376f') in 0.009155 seconds
  Import took 0.024528 seconds .

========================================================================
Received Prepare
Refreshing native plugins compatible for Editor in 4.21 ms, found 1 plugins.
Preloading 0 native plugins for Editor in 0.00 ms.
Unloading 30 Unused Serialized files (Serialized files now loaded: 0)
System memory in use before: 59.3 MB.
System memory in use after: 58.9 MB.

Unloading 30 unused Assets to reduce memory usage. Loaded Objects now: 2644.
Total: 2.918800 ms (FindLiveObjects: 0.283600 ms CreateObjectMapping: 0.086300 ms MarkObjects: 2.033600 ms  DeleteObjects: 0.512200 ms)

========================================================================
Received Prepare
Registering precompiled user dll's ...
Registered in 0.003505 seconds.
Begin MonoManager ReloadAssembly
Native extension for WindowsStandalone target not found
Refreshing native plugins compatible for Editor in 0.54 ms, found 1 plugins.
Preloading 0 native plugins for Editor in 0.00 ms.
Invoked RoslynAnalysisRunner static constructor.
RoslynAnalysisRunner will not be running.
RoslynAnalysisRunner has terminated.
Mono: successfully reloaded assembly
- Completed reload, in  0.880 seconds
Platform modules already initialized, skipping
Refreshing native plugins compatible for Editor in 0.55 ms, found 1 plugins.
Preloading 0 native plugins for Editor in 0.00 ms.
Unloading 2109 Unused Serialized files (Serialized files now loaded: 0)
System memory in use before: 100.6 MB.
System memory in use after: 100.1 MB.

Unloading 32 unused Assets to reduce memory usage. Loaded Objects now: 2646.
Total: 2.787200 ms (FindLiveObjects: 0.265700 ms CreateObjectMapping: 0.094600 ms MarkObjects: 1.864300 ms  DeleteObjects: 0.562000 ms)

========================================================================
Received Import Request.
  Time since last request: 3459.832551 seconds.
  path: Assets/NewFiles/Assets/Plugins/IngameDebugConsole/IngameDebugConsole_NewUI.prefab
  artifactKey: Guid(67117722a812a2e46ab8cb8eafbf5f5e) Importer(815301076,1909f56bfc062723c751e8b465ee728b)
Start importing Assets/NewFiles/Assets/Plugins/IngameDebugConsole/IngameDebugConsole_NewUI.prefab using Guid(67117722a812a2e46ab8cb8eafbf5f5e) Importer(815301076,1909f56bfc062723c751e8b465ee728b)  -> (artifact id: '34eab8b41055d34e74777e0f835cc175') in 0.286178 seconds
  Import took 0.306204 seconds .

========================================================================
Received Prepare
Registering precompiled user dll's ...
Registered in 0.003476 seconds.
Begin MonoManager ReloadAssembly
Native extension for WindowsStandalone target not found
Refreshing native plugins compatible for Editor in 0.52 ms, found 1 plugins.
Preloading 0 native plugins for Editor in 0.00 ms.
Invoked RoslynAnalysisRunner static constructor.
RoslynAnalysisRunner will not be running.
RoslynAnalysisRunner has terminated.
Mono: successfully reloaded assembly
- Completed reload, in  0.839 seconds
Platform modules already initialized, skipping
Refreshing native plugins compatible for Editor in 0.54 ms, found 1 plugins.
Preloading 0 native plugins for Editor in 0.00 ms.
Unloading 2109 Unused Serialized files (Serialized files now loaded: 0)
System memory in use before: 100.7 MB.
System memory in use after: 100.2 MB.

Unloading 33 unused Assets to reduce memory usage. Loaded Objects now: 2650.
Total: 4.477300 ms (FindLiveObjects: 0.377500 ms CreateObjectMapping: 0.176400 ms MarkObjects: 2.925500 ms  DeleteObjects: 0.995800 ms)

========================================================================
Received Prepare
Registering precompiled user dll's ...
Registered in 0.004300 seconds.
Begin MonoManager ReloadAssembly
Native extension for WindowsStandalone target not found
Refreshing native plugins compatible for Editor in 0.52 ms, found 1 plugins.
Preloading 0 native plugins for Editor in 0.00 ms.
Invoked RoslynAnalysisRunner static constructor.
RoslynAnalysisRunner will not be running.
RoslynAnalysisRunner has terminated.
Mono: successfully reloaded assembly
- Completed reload, in  1.084 seconds
Platform modules already initialized, skipping
Refreshing native plugins compatible for Editor in 0.73 ms, found 1 plugins.
Preloading 0 native plugins for Editor in 0.00 ms.
Unloading 2109 Unused Serialized files (Serialized files now loaded: 0)
System memory in use before: 100.7 MB.
System memory in use after: 100.3 MB.

Unloading 32 unused Assets to reduce memory usage. Loaded Objects now: 2652.
Total: 5.699600 ms (FindLiveObjects: 0.330800 ms CreateObjectMapping: 0.089700 ms MarkObjects: 4.433400 ms  DeleteObjects: 0.844200 ms)

========================================================================
Received Import Request.
  Time since last request: 3946.988368 seconds.
  path: Assets/NewFiles/Assets/Plugins/IngameDebugConsole/Prefabs/DebugLogItem.prefab
  artifactKey: Guid(391be5df5ef62f345bb76a1051c04da7) Importer(815301076,1909f56bfc062723c751e8b465ee728b)
Start importing Assets/NewFiles/Assets/Plugins/IngameDebugConsole/Prefabs/DebugLogItem.prefab using Guid(391be5df5ef62f345bb76a1051c04da7) Importer(815301076,1909f56bfc062723c751e8b465ee728b)  -> (artifact id: '721036c8150f4a9a1b2ad956bcfd7b64') in 0.352559 seconds
  Import took 0.375343 seconds .

========================================================================
Received Import Request.
  Time since last request: 4.011583 seconds.
  path: Assets/NewFiles/Assets/Plugins/IngameDebugConsole/Editor/DebugLogManagerEditor.cs
  artifactKey: Guid(4c23e5c521cb0c54b9a638b2a653d1d3) Importer(815301076,1909f56bfc062723c751e8b465ee728b)
Start importing Assets/NewFiles/Assets/Plugins/IngameDebugConsole/Editor/DebugLogManagerEditor.cs using Guid(4c23e5c521cb0c54b9a638b2a653d1d3) Importer(815301076,1909f56bfc062723c751e8b465ee728b)  -> (artifact id: '940aced598f73f7afd97fdd2e7892d16') in 0.017876 seconds
  Import took 0.075717 seconds .

========================================================================
Received Import Request.
  Time since last request: 0.019243 seconds.
  path: Assets/NewFiles/Assets/Plugins/IngameDebugConsole/Editor/DebugLogManagerEditor.cs
  artifactKey: Guid(4c23e5c521cb0c54b9a638b2a653d1d3) Importer(815301076,1909f56bfc062723c751e8b465ee728b)
Start importing Assets/NewFiles/Assets/Plugins/IngameDebugConsole/Editor/DebugLogManagerEditor.cs using Guid(4c23e5c521cb0c54b9a638b2a653d1d3) Importer(815301076,1909f56bfc062723c751e8b465ee728b)  -> (artifact id: '940aced598f73f7afd97fdd2e7892d16') in 0.004890 seconds
  Import took 0.010749 seconds .

========================================================================
Received Import Request.
  Time since last request: 21.954176 seconds.
  path: Assets/NewFiles/Assets/Plugins/IngameDebugConsole/Scripts/DebugLogManager.cs
  artifactKey: Guid(6a4f16ed905adcd4ab0d7c8c11f0d72c) Importer(815301076,1909f56bfc062723c751e8b465ee728b)
Start importing Assets/NewFiles/Assets/Plugins/IngameDebugConsole/Scripts/DebugLogManager.cs using Guid(6a4f16ed905adcd4ab0d7c8c11f0d72c) Importer(815301076,1909f56bfc062723c751e8b465ee728b)  -> (artifact id: '557e53483aae06c9290e81b997892516') in 0.025383 seconds
  Import took 0.031726 seconds .

========================================================================
Received Import Request.
  Time since last request: 0.013667 seconds.
  path: Assets/NewFiles/Assets/Plugins/IngameDebugConsole/Scripts/DebugLogManager.cs
  artifactKey: Guid(6a4f16ed905adcd4ab0d7c8c11f0d72c) Importer(815301076,1909f56bfc062723c751e8b465ee728b)
Start importing Assets/NewFiles/Assets/Plugins/IngameDebugConsole/Scripts/DebugLogManager.cs using Guid(6a4f16ed905adcd4ab0d7c8c11f0d72c) Importer(815301076,1909f56bfc062723c751e8b465ee728b)  -> (artifact id: '557e53483aae06c9290e81b997892516') in 0.002903 seconds
  Import took 0.006756 seconds .

========================================================================
Received Prepare
Registering precompiled user dll's ...
Registered in 0.032630 seconds.
Begin MonoManager ReloadAssembly
Native extension for WindowsStandalone target not found
Refreshing native plugins compatible for Editor in 0.54 ms, found 1 plugins.
Preloading 0 native plugins for Editor in 0.00 ms.
Invoked RoslynAnalysisRunner static constructor.
RoslynAnalysisRunner will not be running.
RoslynAnalysisRunner has terminated.
Mono: successfully reloaded assembly
- Completed reload, in  1.214 seconds
Platform modules already initialized, skipping
Refreshing native plugins compatible for Editor in 0.80 ms, found 1 plugins.
Preloading 0 native plugins for Editor in 0.00 ms.
Unloading 2109 Unused Serialized files (Serialized files now loaded: 0)
System memory in use before: 100.8 MB.
System memory in use after: 100.3 MB.

Unloading 32 unused Assets to reduce memory usage. Loaded Objects now: 2654.
Total: 3.579900 ms (FindLiveObjects: 0.333500 ms CreateObjectMapping: 0.128300 ms MarkObjects: 1.667100 ms  DeleteObjects: 1.449400 ms)

========================================================================
Received Prepare
Registering precompiled user dll's ...
Registered in 0.003417 seconds.
Begin MonoManager ReloadAssembly
Native extension for WindowsStandalone target not found
Refreshing native plugins compatible for Editor in 0.52 ms, found 1 plugins.
Preloading 0 native plugins for Editor in 0.00 ms.
Invoked RoslynAnalysisRunner static constructor.
RoslynAnalysisRunner will not be running.
RoslynAnalysisRunner has terminated.
Mono: successfully reloaded assembly
- Completed reload, in  0.796 seconds
Platform modules already initialized, skipping
Refreshing native plugins compatible for Editor in 0.51 ms, found 1 plugins.
Preloading 0 native plugins for Editor in 0.00 ms.
Unloading 2109 Unused Serialized files (Serialized files now loaded: 0)
System memory in use before: 100.7 MB.
System memory in use after: 100.2 MB.

Unloading 32 unused Assets to reduce memory usage. Loaded Objects now: 2656.
Total: 4.184400 ms (FindLiveObjects: 0.329100 ms CreateObjectMapping: 0.137400 ms MarkObjects: 2.678700 ms  DeleteObjects: 1.037700 ms)

========================================================================
Received Prepare
Registering precompiled user dll's ...
Registered in 0.027488 seconds.
Begin MonoManager ReloadAssembly
Native extension for WindowsStandalone target not found
Refreshing native plugins compatible for Editor in 0.51 ms, found 1 plugins.
Preloading 0 native plugins for Editor in 0.00 ms.
Invoked RoslynAnalysisRunner static constructor.
RoslynAnalysisRunner will not be running.
RoslynAnalysisRunner has terminated.
Mono: successfully reloaded assembly
- Completed reload, in  0.867 seconds
Platform modules already initialized, skipping
Refreshing native plugins compatible for Editor in 1.40 ms, found 1 plugins.
Preloading 0 native plugins for Editor in 0.00 ms.
Unloading 2109 Unused Serialized files (Serialized files now loaded: 0)
System memory in use before: 100.8 MB.
System memory in use after: 100.3 MB.

Unloading 32 unused Assets to reduce memory usage. Loaded Objects now: 2658.
Total: 2.821200 ms (FindLiveObjects: 0.292400 ms CreateObjectMapping: 0.080200 ms MarkObjects: 1.801700 ms  DeleteObjects: 0.645700 ms)

